\BOOKMARK [0][-]{part.1}{\376\377\000I\000\040\000F\000o\000u\000n\000d\000a\000t\000i\000o\000n\000s\000:\000\040\000C\000a\000t\000e\000g\000o\000r\000i\000c\000a\000l\000\040\000M\000e\000c\000h\000a\000n\000i\000c\000s\000\040\000a\000n\000d\000\040\000t\000h\000e\000\040\000R\000e\000s\000o\000l\000u\000t\000i\000o\000n\000\040\000o\000f\000\040\000G\000i\000b\000b\000s\000'\000\040\000P\000a\000r\000a\000d\000o\000x}{}% 1
\BOOKMARK [1][-]{section.1}{\376\377\000I\000n\000t\000r\000o\000d\000u\000c\000t\000i\000o\000n\000:\000\040\000T\000h\000e\000\040\000S\000i\000n\000g\000u\000l\000a\000r\000i\000t\000y\000\040\000C\000o\000n\000s\000t\000r\000a\000i\000n\000t\000\040\000P\000r\000o\000b\000l\000e\000m}{part.1}% 2
\BOOKMARK [2][-]{subsection.1.1}{\376\377\000W\000h\000y\000\040\000C\000u\000r\000r\000e\000n\000t\000\040\000A\000p\000p\000r\000o\000a\000c\000h\000e\000s\000\040\000C\000a\000n\000n\000o\000t\000\040\000A\000c\000h\000i\000e\000v\000e\000\040\000T\000r\000u\000e\000\040\000S\000i\000n\000g\000u\000l\000a\000r\000i\000t\000y}{section.1}% 3
\BOOKMARK [2][-]{subsection.1.2}{\376\377\000T\000h\000e\000\040\000C\000a\000t\000e\000g\000o\000r\000i\000c\000a\000l\000\040\000F\000r\000a\000m\000e\000w\000o\000r\000k}{section.1}% 4
\BOOKMARK [2][-]{subsection.1.3}{\376\377\000S\000c\000o\000p\000e\000\040\000a\000n\000d\000\040\000O\000r\000g\000a\000n\000i\000z\000a\000t\000i\000o\000n}{section.1}% 5
\BOOKMARK [1][-]{section.2}{\376\377\000C\000a\000t\000e\000g\000o\000r\000i\000c\000a\000l\000\040\000S\000t\000a\000t\000e\000\040\000T\000h\000e\000o\000r\000y\000\040\000a\000n\000d\000\040\000T\000h\000e\000r\000m\000o\000d\000y\000n\000a\000m\000i\000c\000\040\000F\000o\000u\000n\000d\000a\000t\000i\000o\000n\000s}{part.1}% 6
\BOOKMARK [2][-]{subsection.2.1}{\376\377\000T\000h\000e\000\040\000G\000i\000b\000b\000s\000\040\000P\000a\000r\000a\000d\000o\000x\000\040\000a\000n\000d\000\040\000I\000t\000s\000\040\000R\000e\000s\000o\000l\000u\000t\000i\000o\000n}{section.2}% 7
\BOOKMARK [2][-]{subsection.2.2}{\376\377\000C\000a\000t\000e\000g\000o\000r\000i\000c\000a\000l\000\040\000P\000o\000t\000e\000n\000t\000i\000a\000l\000\040\000E\000n\000e\000r\000g\000y}{section.2}% 8
\BOOKMARK [2][-]{subsection.2.3}{\376\377\000F\000u\000n\000d\000a\000m\000e\000n\000t\000a\000l\000\040\000P\000r\000o\000c\000e\000s\000s\000\040\000R\000a\000t\000e\000\040\000v\000s\000.\000\040\000O\000b\000s\000e\000r\000v\000a\000b\000l\000e\000\040\000E\000n\000t\000r\000o\000p\000y}{section.2}% 9
\BOOKMARK [1][-]{section.3}{\376\377\000C\000a\000t\000e\000g\000o\000r\000i\000c\000a\000l\000\040\000D\000i\000s\000t\000i\000n\000g\000u\000i\000s\000h\000a\000b\000i\000l\000i\000t\000y\000\040\000o\000f\000\040\000O\000x\000y\000g\000e\000n\000\040\000M\000o\000l\000e\000c\000u\000l\000e\000s}{part.1}% 10
\BOOKMARK [2][-]{subsection.3.1}{\376\377\000T\000h\000e\000\040\000C\000r\000i\000t\000i\000c\000a\000l\000\040\000E\000n\000a\000b\000l\000e\000r\000\040\000f\000o\000r\000\040\000M\000e\000m\000b\000r\000a\000n\000e\000\040\000I\000n\000t\000e\000r\000f\000a\000c\000e}{section.3}% 11
\BOOKMARK [2][-]{subsection.3.2}{\376\377\000M\000o\000l\000e\000c\000u\000l\000a\000r\000\040\000T\000r\000a\000c\000k\000i\000n\000g\000\040\000P\000r\000o\000t\000o\000c\000o\000l}{section.3}% 12
\BOOKMARK [0][-]{part.2}{\376\377\000I\000I\000\040\000P\000h\000a\000s\000e\000-\000L\000o\000c\000k\000e\000d\000\040\000M\000o\000l\000e\000c\000u\000l\000a\000r\000\040\000E\000n\000s\000e\000m\000b\000l\000e\000s\000\040\000a\000n\000d\000\040\000E\000n\000v\000i\000r\000o\000n\000m\000e\000n\000t\000a\000l\000\040\000C\000o\000m\000p\000u\000t\000i\000n\000g}{}% 13
\BOOKMARK [1][-]{section.4}{\376\377\000V\000a\000n\000\040\000d\000e\000r\000\040\000W\000a\000a\000l\000s\000\040\000a\000n\000d\000\040\000P\000a\000r\000a\000m\000a\000g\000n\000e\000t\000i\000c\000\040\000C\000o\000u\000p\000l\000i\000n\000g}{part.2}% 14
\BOOKMARK [2][-]{subsection.4.1}{\376\377\000F\000o\000r\000m\000a\000t\000i\000o\000n\000\040\000o\000f\000\040\000P\000h\000a\000s\000e\000-\000C\000o\000h\000e\000r\000e\000n\000t\000\040\000E\000n\000s\000e\000m\000b\000l\000e\000s}{section.4}% 15
\BOOKMARK [2][-]{subsection.4.2}{\376\377\000C\000o\000l\000l\000e\000c\000t\000i\000v\000e\000\040\000C\000o\000u\000p\000l\000i\000n\000g\000\040\000E\000n\000h\000a\000n\000c\000e\000m\000e\000n\000t}{section.4}% 16
\BOOKMARK [1][-]{section.5}{\376\377\000P\000h\000a\000s\000e\000-\000L\000o\000c\000k\000i\000n\000g\000\040\000a\000s\000\040\000E\000n\000v\000i\000r\000o\000n\000m\000e\000n\000t\000a\000l\000\040\000C\000o\000m\000p\000u\000t\000i\000n\000g}{part.2}% 17
\BOOKMARK [2][-]{subsection.5.1}{\376\377\000T\000e\000m\000p\000e\000r\000a\000t\000u\000r\000e\000\040\000E\000n\000c\000o\000d\000i\000n\000g\000\040\000i\000n\000\040\000C\000o\000h\000e\000r\000e\000n\000c\000e\000\040\000L\000i\000f\000e\000t\000i\000m\000e}{section.5}% 18
\BOOKMARK [2][-]{subsection.5.2}{\376\377\000P\000r\000e\000s\000s\000u\000r\000e\000\040\000E\000n\000c\000o\000d\000i\000n\000g\000\040\000i\000n\000\040\000E\000n\000s\000e\000m\000b\000l\000e\000\040\000D\000e\000n\000s\000i\000t\000y}{section.5}% 19
\BOOKMARK [2][-]{subsection.5.3}{\376\377\000C\000h\000e\000m\000i\000c\000a\000l\000\040\000C\000o\000m\000p\000o\000s\000i\000t\000i\000o\000n\000\040\000v\000i\000a\000\040\000P\000a\000r\000a\000m\000a\000g\000n\000e\000t\000i\000c\000\040\000S\000i\000g\000n\000a\000t\000u\000r\000e\000s}{section.5}% 20
\BOOKMARK [2][-]{subsection.5.4}{\376\377\000C\000o\000m\000p\000l\000e\000t\000e\000\040\000E\000n\000v\000i\000r\000o\000n\000m\000e\000n\000t\000a\000l\000\040\000E\000n\000c\000o\000d\000i\000n\000g}{section.5}% 21
\BOOKMARK [2][-]{subsection.5.5}{\376\377\000E\000l\000e\000c\000t\000r\000o\000m\000a\000g\000n\000e\000t\000i\000c\000\040\000F\000i\000e\000l\000d\000\040\000E\000n\000c\000o\000d\000i\000n\000g}{section.5}% 22
\BOOKMARK [2][-]{subsection.5.6}{\376\377\000C\000a\000t\000e\000g\000o\000r\000i\000c\000a\000l\000\040\000S\000t\000a\000t\000e\000\040\000a\000s\000\040\000E\000n\000s\000e\000m\000b\000l\000e\000\040\000C\000o\000h\000e\000r\000e\000n\000c\000e}{section.5}% 23
\BOOKMARK [1][-]{section.6}{\376\377\000P\000a\000s\000s\000i\000v\000e\000\040\000E\000n\000v\000i\000r\000o\000n\000m\000e\000n\000t\000a\000l\000\040\000S\000u\000r\000f\000a\000c\000e\000s\000\040\000a\000s\000\040\000C\000o\000m\000p\000u\000t\000a\000t\000i\000o\000n\000a\000l\000\040\000N\000o\000d\000e\000s}{part.2}% 24
\BOOKMARK [2][-]{subsection.6.1}{\376\377\000T\000r\000a\000n\000s\000i\000t\000i\000v\000e\000\040\000P\000h\000a\000s\000e\000-\000L\000o\000c\000k\000i\000n\000g\000\040\000w\000i\000t\000h\000\040\000P\000h\000y\000s\000i\000c\000a\000l\000\040\000S\000u\000r\000f\000a\000c\000e\000s}{section.6}% 25
\BOOKMARK [2][-]{subsection.6.2}{\376\377\000N\000a\000t\000u\000r\000a\000l\000\040\000S\000u\000r\000f\000a\000c\000e\000\040\000O\000s\000c\000i\000l\000l\000a\000t\000o\000r\000y\000\040\000C\000o\000m\000p\000u\000t\000a\000t\000i\000o\000n}{section.6}% 26
\BOOKMARK [2][-]{subsection.6.3}{\376\377\000H\000i\000e\000r\000a\000r\000c\000h\000i\000c\000a\000l\000\040\000F\000r\000e\000q\000u\000e\000n\000c\000y\000\040\000M\000a\000t\000c\000h\000i\000n\000g\000\040\000a\000n\000d\000\040\000G\000r\000a\000p\000h\000\040\000F\000o\000r\000m\000a\000t\000i\000o\000n}{section.6}% 27
\BOOKMARK [2][-]{subsection.6.4}{\376\377\000I\000n\000f\000o\000r\000m\000a\000t\000i\000o\000n\000\040\000D\000i\000v\000e\000r\000s\000i\000t\000y\000\040\000E\000n\000h\000a\000n\000c\000e\000m\000e\000n\000t}{section.6}% 28
\BOOKMARK [2][-]{subsection.6.5}{\376\377\000O\000p\000t\000i\000o\000n\000a\000l\000\040\000E\000n\000h\000a\000n\000c\000e\000m\000e\000n\000t\000:\000\040\000A\000c\000t\000i\000v\000e\000\040\000E\000n\000v\000i\000r\000o\000n\000m\000e\000n\000t\000a\000l\000\040\000N\000o\000d\000e\000s}{section.6}% 29
\BOOKMARK [0][-]{part.3}{\376\377\000I\000I\000I\000\040\000O\000x\000y\000g\000e\000n\000\040\000a\000s\000\040\000P\000r\000i\000m\000a\000r\000y\000\040\000I\000n\000f\000o\000r\000m\000a\000t\000i\000o\000n\000\040\000C\000a\000r\000r\000i\000e\000r}{}% 30
\BOOKMARK [1][-]{section.7}{\376\377\000E\000v\000i\000d\000e\000n\000c\000e\000\040\000f\000o\000r\000\040\000I\000n\000f\000o\000r\000m\000a\000t\000i\000o\000n\000\040\000P\000r\000i\000m\000a\000c\000y\000\040\000O\000v\000e\000r\000\040\000M\000e\000t\000a\000b\000o\000l\000i\000s\000m}{part.3}% 31
\BOOKMARK [2][-]{subsection.7.1}{\376\377\000R\000e\000s\000i\000d\000u\000a\000l\000\040\000L\000u\000n\000g\000\040\000V\000o\000l\000u\000m\000e}{section.7}% 32
\BOOKMARK [2][-]{subsection.7.2}{\376\377\000I\000n\000s\000e\000c\000t\000\040\000R\000e\000s\000p\000i\000r\000a\000t\000i\000o\000n}{section.7}% 33
\BOOKMARK [2][-]{subsection.7.3}{\376\377\000C\000o\000n\000s\000c\000i\000o\000u\000s\000n\000e\000s\000s\000-\000O\000x\000y\000g\000e\000n\000\040\000C\000o\000u\000p\000l\000i\000n\000g\000\040\000T\000i\000m\000e\000s\000c\000a\000l\000e\000s}{section.7}% 34
\BOOKMARK [1][-]{section.8}{\376\377\000O\000x\000y\000g\000e\000n\000\040\000Q\000u\000a\000n\000t\000u\000m\000\040\000S\000t\000a\000t\000e\000\040\000a\000s\000\040\000C\000a\000t\000e\000g\000o\000r\000i\000c\000a\000l\000\040\000E\000n\000c\000o\000d\000i\000n\000g}{part.3}% 35
\BOOKMARK [2][-]{subsection.8.1}{\376\377\000O\0002\000\040\000T\000r\000i\000p\000l\000e\000t\000\040\000G\000r\000o\000u\000n\000d\000\040\000S\000t\000a\000t\000e}{section.8}% 36
\BOOKMARK [0][-]{part.4}{\376\377\000I\000V\000\040\000C\000a\000r\000d\000i\000a\000c\000-\000P\000h\000a\000s\000e\000\040\000I\000n\000t\000e\000g\000r\000a\000t\000i\000o\000n\000\040\000a\000n\000d\000\040\000M\000o\000l\000e\000c\000u\000l\000a\000r\000\040\000T\000u\000r\000i\000n\000g\000\040\000T\000e\000s\000t}{}% 37
\BOOKMARK [1][-]{section.9}{\376\377\000H\000e\000a\000r\000t\000\040\000R\000a\000t\000e\000\040\000a\000s\000\040\000M\000a\000s\000t\000e\000r\000\040\000O\000s\000c\000i\000l\000l\000a\000t\000o\000r\000y\000\040\000R\000e\000f\000e\000r\000e\000n\000c\000e}{part.4}% 38
\BOOKMARK [2][-]{subsection.9.1}{\376\377\000H\000i\000e\000r\000a\000r\000c\000h\000i\000c\000a\000l\000\040\000O\000s\000c\000i\000l\000l\000a\000t\000o\000r\000y\000\040\000S\000t\000r\000u\000c\000t\000u\000r\000e}{section.9}% 39
\BOOKMARK [2][-]{subsection.9.2}{\376\377\000C\000a\000r\000d\000i\000a\000c\000\040\000S\000c\000a\000n\000n\000i\000n\000g\000\040\000M\000e\000c\000h\000a\000n\000i\000s\000m}{section.9}% 40
\BOOKMARK [1][-]{section.10}{\376\377\000M\000o\000l\000e\000c\000u\000l\000a\000r\000\040\000T\000u\000r\000i\000n\000g\000\040\000T\000e\000s\000t\000\040\000v\000i\000a\000\040\000B\000M\000D\000\040\000E\000q\000u\000i\000v\000a\000l\000e\000n\000c\000e}{part.4}% 41
\BOOKMARK [2][-]{subsection.10.1}{\376\377\000B\000i\000o\000l\000o\000g\000i\000c\000a\000l\000\040\000M\000a\000x\000w\000e\000l\000l\000\040\000D\000e\000m\000o\000n\000\040\000F\000r\000a\000m\000e\000w\000o\000r\000k}{section.10}% 42
\BOOKMARK [2][-]{subsection.10.2}{\376\377\000T\000h\000e\000\040\000M\000o\000l\000e\000c\000u\000l\000a\000r\000\040\000T\000u\000r\000i\000n\000g\000\040\000T\000e\000s\000t\000\040\000P\000r\000o\000t\000o\000c\000o\000l}{section.10}% 43
\BOOKMARK [2][-]{subsection.10.3}{\376\377\000B\000M\000D\000\040\000I\000n\000f\000o\000r\000m\000a\000t\000i\000o\000n\000\040\000P\000r\000o\000c\000e\000s\000s\000i\000n\000g\000\040\000C\000a\000p\000a\000c\000i\000t\000y}{section.10}% 44
\BOOKMARK [2][-]{subsection.10.4}{\376\377\000O\000s\000c\000i\000l\000l\000a\000t\000o\000r\000y\000\040\000S\000i\000g\000n\000a\000t\000u\000r\000e\000\040\000E\000n\000c\000o\000d\000i\000n\000g}{section.10}% 45
\BOOKMARK [2][-]{subsection.10.5}{\376\377\000T\000h\000e\000\040\000"\000F\000i\000n\000g\000e\000r\000"\000\040\000a\000s\000\040\000F\000i\000n\000i\000t\000e\000\040\000O\000b\000s\000e\000r\000v\000e\000r}{section.10}% 46
\BOOKMARK [2][-]{subsection.10.6}{\376\377\000C\000o\000n\000s\000c\000i\000o\000u\000s\000n\000e\000s\000s\000\040\000a\000s\000\040\000P\000r\000o\000g\000r\000a\000m\000m\000a\000b\000l\000e\000\040\000I\000n\000t\000e\000r\000f\000a\000c\000e}{section.10}% 47
\BOOKMARK [1][-]{section.11}{\376\377\000B\000i\000d\000i\000r\000e\000c\000t\000i\000o\000n\000a\000l\000\040\000M\000o\000l\000e\000c\000u\000l\000a\000r\000\040\000C\000o\000n\000f\000i\000r\000m\000a\000t\000i\000o\000n}{part.4}% 48
\BOOKMARK [2][-]{subsection.11.1}{\376\377\000F\000o\000r\000w\000a\000r\000d\000\040\000P\000a\000t\000h\000:\000\040\000M\000e\000m\000b\000r\000a\000n\000e\000\040\041\222\000\040\000B\000r\000a\000i\000n}{section.11}% 49
\BOOKMARK [2][-]{subsection.11.2}{\376\377\000R\000e\000v\000e\000r\000s\000e\000\040\000P\000a\000t\000h\000:\000\040\000B\000r\000a\000i\000n\000\040\041\222\000\040\000M\000e\000m\000b\000r\000a\000n\000e}{section.11}% 50
\BOOKMARK [0][-]{part.5}{\376\377\000V\000\040\000M\000e\000m\000b\000r\000a\000n\000e\000\040\000A\000r\000c\000h\000i\000t\000e\000c\000t\000u\000r\000e\000\040\000a\000n\000d\000\040\000O\000x\000y\000g\000e\000n\000\040\000R\000e\000s\000o\000n\000a\000n\000c\000e\000\040\000C\000o\000u\000p\000l\000i\000n\000g}{}% 51
\BOOKMARK [1][-]{section.12}{\376\377\000M\000e\000m\000b\000r\000a\000n\000e\000-\000O\0002\000\040\000R\000e\000s\000o\000n\000a\000n\000c\000e\000\040\000C\000o\000u\000p\000l\000i\000n\000g\000\040\000M\000e\000c\000h\000a\000n\000i\000s\000m}{part.5}% 52
\BOOKMARK [2][-]{subsection.12.1}{\376\377\000V\000i\000b\000r\000a\000t\000i\000o\000n\000a\000l\000\040\000F\000\366\000r\000s\000t\000e\000r\000\040\000R\000e\000s\000o\000n\000a\000n\000c\000e\000\040\000E\000n\000e\000r\000g\000y\000\040\000T\000r\000a\000n\000s\000f\000e\000r\000\040\000\050\000v\000F\000R\000E\000T\000\051}{section.12}% 53
\BOOKMARK [3][-]{subsubsection.12.1.1}{\376\377\000T\000r\000i\000-\000D\000i\000m\000e\000n\000s\000i\000o\000n\000a\000l\000\040\000R\000-\000C\000-\000L\000\040\000C\000i\000r\000c\000u\000i\000t\000\040\000O\000p\000e\000r\000a\000t\000i\000o\000n}{subsection.12.1}% 54
\BOOKMARK [2][-]{subsection.12.2}{\376\377\000R\000o\000t\000a\000t\000i\000o\000n\000a\000l\000-\000M\000a\000g\000n\000e\000t\000i\000c\000\040\000C\000o\000u\000p\000l\000i\000n\000g}{section.12}% 55
\BOOKMARK [2][-]{subsection.12.3}{\376\377\000O\000s\000c\000i\000l\000l\000a\000t\000o\000r\000y\000\040\000H\000o\000l\000e\000\040\000G\000e\000n\000e\000r\000a\000t\000i\000o\000n}{section.12}% 56
\BOOKMARK [3][-]{subsubsection.12.3.1}{\376\377\000B\000i\000o\000l\000o\000g\000i\000c\000a\000l\000\040\000P\000-\000N\000\040\000J\000u\000n\000c\000t\000i\000o\000n\000\040\000F\000o\000r\000m\000a\000t\000i\000o\000n}{subsection.12.3}% 57
\BOOKMARK [3][-]{subsubsection.12.3.2}{\376\377\000H\000o\000l\000e\000\040\000M\000o\000b\000i\000l\000i\000t\000y\000\040\000a\000n\000d\000\040\000T\000r\000a\000n\000s\000p\000o\000r\000t\000\040\000D\000y\000n\000a\000m\000i\000c\000s}{subsection.12.3}% 58
\BOOKMARK [2][-]{subsection.12.4}{\376\377\000P\000h\000a\000r\000m\000a\000c\000e\000u\000t\000i\000c\000a\000l\000\040\000S\000e\000n\000s\000i\000n\000g\000\040\000a\000n\000d\000\040\000D\000e\000l\000i\000v\000e\000r\000y\000\040\000I\000n\000t\000e\000g\000r\000a\000t\000i\000o\000n}{section.12}% 59
\BOOKMARK [1][-]{section.13}{\376\377\000C\000o\000m\000p\000l\000e\000t\000e\000\040\000M\000e\000m\000b\000r\000a\000n\000e\000\040\000S\000y\000s\000t\000e\000m\000\040\000S\000p\000e\000c\000i\000f\000i\000c\000a\000t\000i\000o\000n}{part.5}% 60
\BOOKMARK [2][-]{subsection.13.1}{\376\377\000M\000a\000t\000e\000r\000i\000a\000l\000\040\000C\000o\000m\000p\000o\000s\000i\000t\000i\000o\000n}{section.13}% 61
\BOOKMARK [2][-]{subsection.13.2}{\376\377\000C\000o\000n\000t\000r\000o\000l\000l\000e\000d\000\040\000O\000x\000i\000d\000a\000t\000i\000o\000n\000\040\000a\000s\000\040\000E\000n\000s\000e\000m\000b\000l\000e\000\040\000A\000m\000p\000l\000i\000f\000i\000c\000a\000t\000i\000o\000n}{section.13}% 62
\BOOKMARK [2][-]{subsection.13.3}{\376\377\000G\000r\000a\000p\000h\000\040\000T\000o\000p\000o\000l\000o\000g\000y\000\040\000T\000r\000a\000n\000s\000f\000o\000r\000m\000a\000t\000i\000o\000n\000:\000\040\000F\000r\000o\000m\000\040\000H\000i\000e\000r\000a\000r\000c\000h\000i\000c\000a\000l\000\040\000T\000r\000e\000e\000\040\000t\000o\000\040\000R\000a\000n\000d\000o\000m\000\040\000N\000e\000t\000w\000o\000r\000k}{section.13}% 63
\BOOKMARK [2][-]{subsection.13.4}{\376\377\000U\000n\000i\000v\000e\000r\000s\000a\000l\000\040\000P\000r\000i\000n\000c\000i\000p\000l\000e\000:\000\040\000P\000r\000e\000c\000i\000s\000i\000o\000n\000\040\000T\000h\000r\000o\000u\000g\000h\000\040\000P\000h\000a\000s\000e\000-\000L\000o\000c\000k\000e\000d\000\040\000G\000r\000a\000p\000h\000\040\000T\000o\000p\000o\000l\000o\000g\000y}{section.13}% 64
\BOOKMARK [2][-]{subsection.13.5}{\376\377\000I\000n\000f\000o\000r\000m\000a\000t\000i\000o\000n\000\040\000T\000r\000a\000n\000s\000f\000e\000r\000\040\000M\000e\000t\000r\000i\000c\000s}{section.13}% 65
\BOOKMARK [0][-]{part.6}{\376\377\000V\000I\000\040\000M\000e\000m\000b\000r\000a\000n\000e\000\040\000a\000s\000\040\000P\000r\000o\000g\000r\000a\000m\000m\000a\000b\000l\000e\000\040\000B\000i\000o\000l\000o\000g\000i\000c\000a\000l\000\040\000C\000o\000m\000p\000u\000t\000e\000r}{}% 66
\BOOKMARK [1][-]{section.14}{\376\377\000C\000o\000m\000p\000l\000e\000t\000e\000\040\000I\000n\000t\000e\000g\000r\000a\000t\000e\000d\000\040\000C\000i\000r\000c\000u\000i\000t\000\040\000A\000r\000c\000h\000i\000t\000e\000c\000t\000u\000r\000e}{part.6}% 67
\BOOKMARK [2][-]{subsection.14.1}{\376\377\000S\000e\000v\000e\000n\000-\000C\000o\000m\000p\000o\000n\000e\000n\000t\000\040\000C\000o\000m\000p\000u\000t\000a\000t\000i\000o\000n\000a\000l\000\040\000P\000l\000a\000t\000f\000o\000r\000m}{section.14}% 68
\BOOKMARK [3][-]{subsubsection.14.1.1}{\376\377\000B\000M\000D\000\040\000T\000r\000a\000n\000s\000i\000s\000t\000o\000r\000s}{subsection.14.1}% 69
\BOOKMARK [3][-]{subsubsection.14.1.2}{\376\377\000T\000r\000i\000-\000D\000i\000m\000e\000n\000s\000i\000o\000n\000a\000l\000\040\000L\000o\000g\000i\000c\000\040\000G\000a\000t\000e\000s}{subsection.14.1}% 70
\BOOKMARK [3][-]{subsubsection.14.1.3}{\376\377\000S\000-\000D\000i\000c\000t\000i\000o\000n\000a\000r\000y\000\040\000C\000o\000n\000t\000e\000n\000t\000-\000A\000d\000d\000r\000e\000s\000s\000a\000b\000l\000e\000\040\000M\000e\000m\000o\000r\000y}{subsection.14.1}% 71
\BOOKMARK [3][-]{subsubsection.14.1.4}{\376\377\000V\000i\000r\000t\000u\000a\000l\000\040\000P\000r\000o\000c\000e\000s\000s\000o\000r\000\040\000A\000L\000U}{subsection.14.1}% 72
\BOOKMARK [3][-]{subsubsection.14.1.5}{\376\377\000G\000e\000a\000r\000\040\000R\000a\000t\000i\000o\000\040\000I\000n\000t\000e\000r\000c\000o\000n\000n\000e\000c\000t\000s}{subsection.14.1}% 73
\BOOKMARK [3][-]{subsubsection.14.1.6}{\376\377\000C\000r\000o\000s\000s\000-\000D\000o\000m\000a\000i\000n\000\040\000I\000/\000O}{subsection.14.1}% 74
\BOOKMARK [2][-]{subsection.14.2}{\376\377\0002\0004\0000\000-\000B\000M\000D\000\040\000E\000x\000p\000e\000r\000i\000m\000e\000n\000t\000a\000l\000\040\000V\000a\000l\000i\000d\000a\000t\000i\000o\000n}{section.14}% 75
\BOOKMARK [1][-]{section.15}{\376\377\000C\000i\000r\000c\000u\000i\000t\000-\000P\000a\000t\000h\000w\000a\000y\000\040\000D\000u\000a\000l\000i\000t\000y\000:\000\040\000U\000n\000i\000v\000e\000r\000s\000a\000l\000\040\000C\000r\000o\000s\000s\000-\000D\000o\000m\000a\000i\000n\000\040\000E\000q\000u\000i\000v\000a\000l\000e\000n\000c\000e}{part.6}% 76
\BOOKMARK [2][-]{subsection.15.1}{\376\377\000M\000a\000t\000h\000e\000m\000a\000t\000i\000c\000a\000l\000\040\000F\000r\000a\000m\000e\000w\000o\000r\000k}{section.15}% 77
\BOOKMARK [2][-]{subsection.15.2}{\376\377\000S\000e\000v\000e\000n\000-\000D\000o\000m\000a\000i\000n\000\040\000C\000r\000o\000s\000s\000-\000V\000a\000l\000i\000d\000a\000t\000i\000o\000n}{section.15}% 78
\BOOKMARK [2][-]{subsection.15.3}{\376\377\000B\000i\000d\000i\000r\000e\000c\000t\000i\000o\000n\000a\000l\000\040\000C\000o\000m\000p\000i\000l\000a\000t\000i\000o\000n\000\040\000E\000x\000a\000m\000p\000l\000e\000s}{section.15}% 79
\BOOKMARK [2][-]{subsection.15.4}{\376\377\000C\000o\000s\000t\000\040\000R\000e\000d\000u\000c\000t\000i\000o\000n\000\040\000v\000i\000a\000\040\000D\000o\000m\000a\000i\000n\000\040\000T\000r\000a\000n\000s\000l\000a\000t\000i\000o\000n}{section.15}% 80
\BOOKMARK [0][-]{part.7}{\376\377\000V\000I\000I\000\040\000T\000h\000e\000\040\000C\000o\000m\000p\000l\000e\000t\000e\000\040\000S\000i\000n\000g\000u\000l\000a\000r\000i\000t\000y\000\040\000M\000e\000c\000h\000a\000n\000i\000s\000m}{}% 81
\BOOKMARK [1][-]{section.16}{\376\377\000W\000h\000y\000\040\000E\000l\000e\000c\000t\000r\000o\000d\000e\000s\000\040\000F\000u\000n\000d\000a\000m\000e\000n\000t\000a\000l\000l\000y\000\040\000C\000a\000n\000n\000o\000t\000\040\000W\000o\000r\000k}{part.7}% 82
\BOOKMARK [2][-]{subsection.16.1}{\376\377\000F\000o\000u\000r\000\040\000I\000n\000s\000u\000r\000m\000o\000u\000n\000t\000a\000b\000l\000e\000\040\000L\000i\000m\000i\000t\000a\000t\000i\000o\000n\000s}{section.16}% 83
\BOOKMARK [2][-]{subsection.16.2}{\376\377\000Q\000u\000a\000n\000t\000i\000t\000a\000t\000i\000v\000e\000\040\000C\000o\000m\000p\000a\000r\000i\000s\000o\000n}{section.16}% 84
\BOOKMARK [1][-]{section.17}{\376\377\000W\000h\000y\000\040\000M\000e\000m\000b\000r\000a\000n\000e\000\040\000I\000n\000t\000e\000r\000f\000a\000c\000e\000\040\000S\000u\000c\000c\000e\000e\000d\000s}{part.7}% 85
\BOOKMARK [2][-]{subsection.17.1}{\376\377\000A\000l\000l\000\040\000R\000e\000q\000u\000i\000r\000e\000m\000e\000n\000t\000s\000\040\000S\000a\000t\000i\000s\000f\000i\000e\000d}{section.17}% 86
\BOOKMARK [1][-]{section.18}{\376\377\000A\000p\000p\000l\000i\000c\000a\000t\000i\000o\000n\000s\000\040\000a\000n\000d\000\040\000F\000u\000t\000u\000r\000e\000\040\000D\000i\000r\000e\000c\000t\000i\000o\000n\000s}{part.7}% 87
\BOOKMARK [2][-]{subsection.18.1}{\376\377\000P\000r\000o\000g\000r\000a\000m\000m\000a\000b\000l\000e\000\040\000T\000h\000e\000r\000a\000p\000e\000u\000t\000i\000c\000s}{section.18}% 88
\BOOKMARK [2][-]{subsection.18.2}{\376\377\000S\000y\000n\000t\000h\000e\000t\000i\000c\000\040\000B\000i\000o\000l\000o\000g\000y\000\040\000v\000i\000a\000\040\000C\000i\000r\000c\000u\000i\000t\000\040\000C\000o\000m\000p\000i\000l\000a\000t\000i\000o\000n}{section.18}% 89
\BOOKMARK [2][-]{subsection.18.3}{\376\377\000N\000e\000u\000r\000a\000l\000\040\000P\000r\000o\000s\000t\000h\000e\000t\000i\000c\000s\000\040\000a\000n\000d\000\040\000C\000o\000g\000n\000i\000t\000i\000v\000e\000\040\000E\000n\000h\000a\000n\000c\000e\000m\000e\000n\000t}{section.18}% 90
\BOOKMARK [2][-]{subsection.18.4}{\376\377\000B\000i\000o\000l\000o\000g\000i\000c\000a\000l\000\040\000C\000r\000y\000p\000t\000o\000g\000r\000a\000p\000h\000y}{section.18}% 91
\BOOKMARK [2][-]{subsection.18.5}{\376\377\000L\000i\000v\000i\000n\000g\000\040\000A\000G\000I\000\040\000S\000u\000b\000s\000t\000r\000a\000t\000e\000s}{section.18}% 92
\BOOKMARK [2][-]{subsection.18.6}{\376\377\000T\000h\000e\000\040\000S\000i\000n\000g\000u\000l\000a\000r\000i\000t\000y\000\040\000E\000x\000p\000e\000r\000i\000e\000n\000c\000e}{section.18}% 93
\BOOKMARK [1][-]{section.19}{\376\377\000E\000x\000p\000e\000r\000i\000m\000e\000n\000t\000a\000l\000\040\000V\000a\000l\000i\000d\000a\000t\000i\000o\000n\000\040\000P\000r\000o\000t\000o\000c\000o\000l\000s}{part.7}% 94
\BOOKMARK [2][-]{subsection.19.1}{\376\377\000P\000h\000a\000s\000e\000\040\000I\000:\000\040\000C\000a\000t\000e\000g\000o\000r\000i\000c\000a\000l\000\040\000D\000i\000s\000t\000i\000n\000g\000u\000i\000s\000h\000a\000b\000i\000l\000i\000t\000y}{section.19}% 95
\BOOKMARK [2][-]{subsection.19.2}{\376\377\000P\000h\000a\000s\000e\000\040\000I\000I\000:\000\040\000P\000h\000a\000s\000e\000-\000L\000o\000c\000k\000e\000d\000\040\000E\000n\000s\000e\000m\000b\000l\000e\000\040\000D\000e\000t\000e\000c\000t\000i\000o\000n}{section.19}% 96
\BOOKMARK [2][-]{subsection.19.3}{\376\377\000P\000h\000a\000s\000e\000\040\000I\000I\000I\000:\000\040\000B\000M\000D\000\040\000E\000q\000u\000i\000v\000a\000l\000e\000n\000c\000e}{section.19}% 97
\BOOKMARK [2][-]{subsection.19.4}{\376\377\000P\000h\000a\000s\000e\000\040\000I\000V\000:\000\040\000C\000a\000r\000d\000i\000a\000c\000-\000P\000h\000a\000s\000e\000\040\000S\000y\000n\000c\000h\000r\000o\000n\000i\000z\000a\000t\000i\000o\000n}{section.19}% 98
\BOOKMARK [2][-]{subsection.19.5}{\376\377\000P\000h\000a\000s\000e\000\040\000V\000:\000\040\000B\000i\000d\000i\000r\000e\000c\000t\000i\000o\000n\000a\000l\000\040\000C\000o\000n\000f\000i\000r\000m\000a\000t\000i\000o\000n}{section.19}% 99
\BOOKMARK [2][-]{subsection.19.6}{\376\377\000P\000h\000a\000s\000e\000\040\000V\000I\000:\000\040\000C\000o\000n\000t\000r\000o\000l\000l\000e\000d\000\040\000O\000x\000i\000d\000a\000t\000i\000o\000n\000\040\000A\000m\000p\000l\000i\000f\000i\000c\000a\000t\000i\000o\000n}{section.19}% 100
\BOOKMARK [1][-]{section.20}{\376\377\000D\000i\000s\000c\000u\000s\000s\000i\000o\000n}{part.7}% 101
\BOOKMARK [2][-]{subsection.20.1}{\376\377\000I\000n\000t\000e\000g\000r\000a\000t\000i\000o\000n\000\040\000w\000i\000t\000h\000\040\000C\000o\000m\000p\000l\000e\000t\000e\000\040\000B\000i\000o\000l\000o\000g\000i\000c\000a\000l\000\040\000C\000o\000m\000p\000u\000t\000i\000n\000g\000\040\000F\000r\000a\000m\000e\000w\000o\000r\000k}{section.20}% 102
\BOOKMARK [2][-]{subsection.20.2}{\376\377\000C\000o\000n\000v\000e\000r\000g\000e\000n\000c\000e\000\040\000o\000f\000\040\000M\000u\000l\000t\000i\000p\000l\000e\000\040\000I\000n\000d\000e\000p\000e\000n\000d\000e\000n\000t\000\040\000F\000r\000a\000m\000e\000w\000o\000r\000k\000s}{section.20}% 103
\BOOKMARK [2][-]{subsection.20.3}{\376\377\000T\000h\000e\000r\000m\000o\000d\000y\000n\000a\000m\000i\000c\000\040\000V\000a\000l\000i\000d\000a\000t\000i\000o\000n}{section.20}% 104
\BOOKMARK [2][-]{subsection.20.4}{\376\377\000N\000o\000i\000s\000e\000\040\000a\000n\000d\000\040\000E\000r\000r\000o\000r\000\040\000C\000o\000r\000r\000e\000c\000t\000i\000o\000n}{section.20}% 105
\BOOKMARK [2][-]{subsection.20.5}{\376\377\000C\000o\000m\000p\000r\000e\000h\000e\000n\000s\000i\000v\000e\000\040\000C\000o\000m\000p\000a\000r\000i\000s\000o\000n\000\040\000w\000i\000t\000h\000\040\000A\000l\000t\000e\000r\000n\000a\000t\000i\000v\000e\000\040\000A\000p\000p\000r\000o\000a\000c\000h\000e\000s}{section.20}% 106
\BOOKMARK [2][-]{subsection.20.6}{\376\377\000L\000i\000m\000i\000t\000a\000t\000i\000o\000n\000s\000\040\000a\000n\000d\000\040\000F\000u\000t\000u\000r\000e\000\040\000R\000e\000s\000e\000a\000r\000c\000h}{section.20}% 107
\BOOKMARK [1][-]{section.21}{\376\377\000C\000o\000n\000c\000l\000u\000s\000i\000o\000n\000s}{part.7}% 108
