\BOOKMARK [1][-]{section.1}{\376\377\000I\000n\000t\000r\000o\000d\000u\000c\000t\000i\000o\000n\000:\000\040\000F\000r\000o\000m\000\040\000M\000a\000x\000w\000e\000l\000l\000'\000s\000\040\000D\000e\000m\000o\000n\000\040\000t\000o\000\040\000B\000i\000o\000l\000o\000g\000i\000c\000a\000l\000\040\000C\000o\000m\000p\000u\000t\000i\000n\000g}{}% 1
\BOOKMARK [2][-]{subsection.1.1}{\376\377\000H\000i\000s\000t\000o\000r\000i\000c\000a\000l\000\040\000F\000o\000u\000n\000d\000a\000t\000i\000o\000n\000s\000:\000\040\000M\000a\000x\000w\000e\000l\000l\000'\000s\000\040\000T\000h\000o\000u\000g\000h\000t\000\040\000E\000x\000p\000e\000r\000i\000m\000e\000n\000t\000\040\000a\000n\000d\000\040\000I\000t\000s\000\040\000P\000h\000y\000s\000i\000c\000a\000l\000\040\000R\000e\000a\000l\000i\000z\000a\000t\000i\000o\000n}{section.1}% 2
\BOOKMARK [3][-]{subsubsection.1.1.1}{\376\377\000M\000a\000x\000w\000e\000l\000l\000'\000s\000\040\000O\000r\000i\000g\000i\000n\000a\000l\000\040\000D\000e\000m\000o\000n\000\040\000\050\0001\0008\0007\0001\000\051}{subsection.1.1}% 3
\BOOKMARK [3][-]{subsubsection.1.1.2}{\376\377\000R\000e\000s\000o\000l\000u\000t\000i\000o\000n\000\040\000T\000h\000r\000o\000u\000g\000h\000\040\000I\000n\000f\000o\000r\000m\000a\000t\000i\000o\000n\000\040\000T\000h\000e\000r\000m\000o\000d\000y\000n\000a\000m\000i\000c\000s}{subsection.1.1}% 4
\BOOKMARK [2][-]{subsection.1.2}{\376\377\000H\000a\000l\000d\000a\000n\000e\000'\000s\000\040\000R\000e\000v\000o\000l\000u\000t\000i\000o\000n\000a\000r\000y\000\040\000I\000n\000s\000i\000g\000h\000t\000:\000\040\000E\000n\000z\000y\000m\000e\000s\000\040\000a\000s\000\040\000P\000h\000y\000s\000i\000c\000a\000l\000\040\000M\000a\000x\000w\000e\000l\000l\000'\000s\000\040\000D\000e\000m\000o\000n\000s}{section.1}% 5
\BOOKMARK [3][-]{subsubsection.1.2.1}{\376\377\000F\000r\000o\000m\000\040\000T\000h\000o\000u\000g\000h\000t\000\040\000E\000x\000p\000e\000r\000i\000m\000e\000n\000t\000\040\000t\000o\000\040\000B\000i\000o\000l\000o\000g\000i\000c\000a\000l\000\040\000R\000e\000a\000l\000i\000t\000y\000\040\000\050\0001\0009\0003\0000\000\051}{subsection.1.2}% 6
\BOOKMARK [3][-]{subsubsection.1.2.2}{\376\377\000E\000x\000t\000e\000n\000s\000i\000o\000n\000\040\000t\000o\000\040\000G\000e\000n\000e\000\040\000R\000e\000g\000u\000l\000a\000t\000i\000o\000n\000:\000\040\000M\000o\000n\000o\000d\000,\000\040\000J\000a\000c\000o\000b\000,\000\040\000a\000n\000d\000\040\000L\000w\000o\000f\000f}{subsection.1.2}% 7
\BOOKMARK [2][-]{subsection.1.3}{\376\377\000M\000i\000z\000r\000a\000j\000i\000'\000s\000\040\000F\000o\000r\000m\000a\000l\000i\000z\000a\000t\000i\000o\000n\000:\000\040\000B\000i\000o\000l\000o\000g\000i\000c\000a\000l\000\040\000M\000a\000x\000w\000e\000l\000l\000'\000s\000\040\000D\000e\000m\000o\000n\000s\000\040\000a\000s\000\040\000I\000n\000f\000o\000r\000m\000a\000t\000i\000o\000n\000\040\000C\000a\000t\000a\000l\000y\000s\000t\000s}{section.1}% 8
\BOOKMARK [3][-]{subsubsection.1.3.1}{\376\377\000T\000h\000e\000\040\000I\000n\000f\000o\000r\000m\000a\000t\000i\000o\000n\000\040\000C\000a\000t\000a\000l\000y\000s\000t\000\040\000F\000r\000a\000m\000e\000w\000o\000r\000k\000\040\000\050\0002\0000\0002\0001\000\051}{subsection.1.3}% 9
\BOOKMARK [3][-]{subsubsection.1.3.2}{\376\377\000P\000r\000o\000b\000a\000b\000i\000l\000i\000t\000y\000\040\000E\000n\000h\000a\000n\000c\000e\000m\000e\000n\000t\000\040\000M\000e\000c\000h\000a\000n\000i\000s\000m}{subsection.1.3}% 10
\BOOKMARK [3][-]{subsubsection.1.3.3}{\376\377\000E\000n\000z\000y\000m\000a\000t\000i\000c\000\040\000I\000m\000p\000l\000e\000m\000e\000n\000t\000a\000t\000i\000o\000n}{subsection.1.3}% 11
\BOOKMARK [2][-]{subsection.1.4}{\376\377\000O\000u\000r\000\040\000C\000o\000n\000t\000r\000i\000b\000u\000t\000i\000o\000n\000:\000\040\000F\000r\000o\000m\000\040\000I\000n\000f\000o\000r\000m\000a\000t\000i\000o\000n\000\040\000C\000a\000t\000a\000l\000y\000s\000i\000s\000\040\000t\000o\000\040\000I\000n\000t\000e\000g\000r\000a\000t\000e\000d\000\040\000C\000i\000r\000c\000u\000i\000t\000s}{section.1}% 12
\BOOKMARK [3][-]{subsubsection.1.4.1}{\376\377\000T\000h\000e\000\040\000C\000o\000n\000c\000e\000p\000t\000u\000a\000l\000\040\000L\000e\000a\000p}{subsection.1.4}% 13
\BOOKMARK [3][-]{subsubsection.1.4.2}{\376\377\000E\000v\000i\000d\000e\000n\000c\000e\000\040\000B\000a\000s\000e}{subsection.1.4}% 14
\BOOKMARK [3][-]{subsubsection.1.4.3}{\376\377\000S\000t\000r\000u\000c\000t\000u\000r\000e\000\040\000o\000f\000\040\000T\000h\000i\000s\000\040\000W\000o\000r\000k}{subsection.1.4}% 15
\BOOKMARK [1][-]{section.2}{\376\377\000T\000h\000e\000r\000m\000o\000d\000y\000n\000a\000m\000i\000c\000\040\000F\000o\000u\000n\000d\000a\000t\000i\000o\000n\000s\000:\000\040\000I\000n\000f\000o\000r\000m\000a\000t\000i\000o\000n\000,\000\040\000E\000n\000t\000r\000o\000p\000y\000,\000\040\000a\000n\000d\000\040\000M\000a\000x\000w\000e\000l\000l\000'\000s\000\040\000D\000e\000m\000o\000n}{}% 16
\BOOKMARK [2][-]{subsection.2.1}{\376\377\000T\000h\000e\000\040\000S\000e\000c\000o\000n\000d\000\040\000L\000a\000w\000\040\000a\000n\000d\000\040\000I\000t\000s\000\040\000A\000p\000p\000a\000r\000e\000n\000t\000\040\000V\000i\000o\000l\000a\000t\000i\000o\000n}{section.2}% 17
\BOOKMARK [3][-]{subsubsection.2.1.1}{\376\377\000T\000h\000e\000r\000m\000o\000d\000y\000n\000a\000m\000i\000c\000\040\000E\000n\000t\000r\000o\000p\000y\000\040\000a\000n\000d\000\040\000t\000h\000e\000\040\000S\000e\000c\000o\000n\000d\000\040\000L\000a\000w}{subsection.2.1}% 18
\BOOKMARK [3][-]{subsubsection.2.1.2}{\376\377\000M\000a\000x\000w\000e\000l\000l\000'\000s\000\040\000D\000e\000m\000o\000n\000:\000\040\000T\000h\000e\000\040\000A\000p\000p\000a\000r\000e\000n\000t\000\040\000P\000a\000r\000a\000d\000o\000x}{subsection.2.1}% 19
\BOOKMARK [2][-]{subsection.2.2}{\376\377\000S\000z\000i\000l\000a\000r\000d\000'\000s\000\040\000R\000e\000s\000o\000l\000u\000t\000i\000o\000n\000:\000\040\000I\000n\000f\000o\000r\000m\000a\000t\000i\000o\000n\000\040\000A\000c\000q\000u\000i\000s\000i\000t\000i\000o\000n\000\040\000H\000a\000s\000\040\000T\000h\000e\000r\000m\000o\000d\000y\000n\000a\000m\000i\000c\000\040\000C\000o\000s\000t}{section.2}% 20
\BOOKMARK [3][-]{subsubsection.2.2.1}{\376\377\000T\000h\000e\000\040\000S\000z\000i\000l\000a\000r\000d\000\040\000E\000n\000g\000i\000n\000e\000\040\000\050\0001\0009\0002\0009\000\051}{subsection.2.2}% 21
\BOOKMARK [3][-]{subsubsection.2.2.2}{\376\377\000G\000e\000n\000e\000r\000a\000l\000i\000z\000a\000t\000i\000o\000n\000:\000\040\000N\000-\000S\000t\000a\000t\000e\000\040\000S\000y\000s\000t\000e\000m\000s}{subsection.2.2}% 22
\BOOKMARK [2][-]{subsection.2.3}{\376\377\000L\000a\000n\000d\000a\000u\000e\000r\000'\000s\000\040\000P\000r\000i\000n\000c\000i\000p\000l\000e\000:\000\040\000T\000h\000e\000\040\000T\000h\000e\000r\000m\000o\000d\000y\000n\000a\000m\000i\000c\000s\000\040\000o\000f\000\040\000C\000o\000m\000p\000u\000t\000a\000t\000i\000o\000n}{section.2}% 23
\BOOKMARK [3][-]{subsubsection.2.3.1}{\376\377\000E\000r\000a\000s\000u\000r\000e\000\040\000a\000s\000\040\000t\000h\000e\000\040\000F\000u\000n\000d\000a\000m\000e\000n\000t\000a\000l\000\040\000I\000r\000r\000e\000v\000e\000r\000s\000i\000b\000l\000e\000\040\000O\000p\000e\000r\000a\000t\000i\000o\000n}{subsection.2.3}% 24
\BOOKMARK [3][-]{subsubsection.2.3.2}{\376\377\000P\000h\000y\000s\000i\000c\000a\000l\000\040\000D\000e\000r\000i\000v\000a\000t\000i\000o\000n\000\040\000o\000f\000\040\000L\000a\000n\000d\000a\000u\000e\000r\000\040\000B\000o\000u\000n\000d}{subsection.2.3}% 25
\BOOKMARK [3][-]{subsubsection.2.3.3}{\376\377\000C\000o\000m\000p\000a\000r\000i\000s\000o\000n\000\040\000w\000i\000t\000h\000\040\000M\000o\000d\000e\000r\000n\000\040\000C\000o\000m\000p\000u\000t\000i\000n\000g}{subsection.2.3}% 26
\BOOKMARK [2][-]{subsection.2.4}{\376\377\000B\000e\000n\000n\000e\000t\000t\000'\000s\000\040\000E\000r\000a\000s\000u\000r\000e\000\040\000T\000h\000e\000o\000r\000e\000m\000:\000\040\000C\000o\000m\000p\000l\000e\000t\000i\000n\000g\000\040\000t\000h\000e\000\040\000E\000x\000o\000r\000c\000i\000s\000m}{section.2}% 27
\BOOKMARK [3][-]{subsubsection.2.4.1}{\376\377\000T\000h\000e\000\040\000D\000e\000m\000o\000n\000\040\000M\000u\000s\000t\000\040\000E\000r\000a\000s\000e\000\040\000I\000t\000s\000\040\000M\000e\000m\000o\000r\000y}{subsection.2.4}% 28
\BOOKMARK [3][-]{subsubsection.2.4.2}{\376\377\000R\000e\000v\000e\000r\000s\000i\000b\000l\000e\000\040\000C\000o\000m\000p\000u\000t\000i\000n\000g\000\040\000a\000n\000d\000\040\000E\000r\000a\000s\000u\000r\000e\000\040\000A\000v\000o\000i\000d\000a\000n\000c\000e}{subsection.2.4}% 29
\BOOKMARK [2][-]{subsection.2.5}{\376\377\000I\000n\000f\000o\000r\000m\000a\000t\000i\000o\000n\000-\000E\000n\000t\000r\000o\000p\000y\000\040\000E\000q\000u\000i\000v\000a\000l\000e\000n\000c\000e}{section.2}% 30
\BOOKMARK [3][-]{subsubsection.2.5.1}{\376\377\000S\000h\000a\000n\000n\000o\000n\000\040\000E\000n\000t\000r\000o\000p\000y\000\040\000a\000n\000d\000\040\000T\000h\000e\000r\000m\000o\000d\000y\000n\000a\000m\000i\000c\000\040\000E\000n\000t\000r\000o\000p\000y}{subsection.2.5}% 31
\BOOKMARK [3][-]{subsubsection.2.5.2}{\376\377\000M\000a\000x\000i\000m\000u\000m\000\040\000W\000o\000r\000k\000\040\000E\000x\000t\000r\000a\000c\000t\000i\000o\000n\000\040\000a\000n\000d\000\040\000S\000z\000i\000l\000a\000r\000d\000'\000s\000\040\000E\000n\000g\000i\000n\000e}{subsection.2.5}% 32
\BOOKMARK [2][-]{subsection.2.6}{\376\377\000E\000x\000p\000e\000r\000i\000m\000e\000n\000t\000a\000l\000\040\000V\000a\000l\000i\000d\000a\000t\000i\000o\000n\000\040\000o\000f\000\040\000L\000a\000n\000d\000a\000u\000e\000r\000'\000s\000\040\000P\000r\000i\000n\000c\000i\000p\000l\000e}{section.2}% 33
\BOOKMARK [3][-]{subsubsection.2.6.1}{\376\377\000B\000\351\000r\000u\000t\000\040\000e\000t\000\040\000a\000l\000.\000\040\000\050\0002\0000\0001\0002\000\051\000:\000\040\000D\000i\000r\000e\000c\000t\000\040\000M\000e\000a\000s\000u\000r\000e\000m\000e\000n\000t}{subsection.2.6}% 34
\BOOKMARK [2][-]{subsection.2.7}{\376\377\000A\000p\000p\000l\000i\000c\000a\000t\000i\000o\000n\000\040\000t\000o\000\040\000B\000i\000o\000l\000o\000g\000i\000c\000a\000l\000\040\000M\000a\000x\000w\000e\000l\000l\000'\000s\000\040\000D\000e\000m\000o\000n\000s}{section.2}% 35
\BOOKMARK [3][-]{subsubsection.2.7.1}{\376\377\000O\000p\000e\000n\000\040\000S\000y\000s\000t\000e\000m\000s\000\040\000a\000n\000d\000\040\000N\000o\000n\000-\000E\000q\000u\000i\000l\000i\000b\000r\000i\000u\000m\000\040\000T\000h\000e\000r\000m\000o\000d\000y\000n\000a\000m\000i\000c\000s}{subsection.2.7}% 36
\BOOKMARK [3][-]{subsubsection.2.7.2}{\376\377\000B\000M\000D\000\040\000I\000n\000f\000o\000r\000m\000a\000t\000i\000o\000n\000\040\000P\000r\000o\000c\000e\000s\000s\000i\000n\000g\000\040\000i\000n\000\040\000O\000p\000e\000n\000\040\000S\000y\000s\000t\000e\000m\000s}{subsection.2.7}% 37
\BOOKMARK [3][-]{subsubsection.2.7.3}{\376\377\000T\000h\000e\000r\000m\000o\000d\000y\000n\000a\000m\000i\000c\000\040\000C\000o\000n\000s\000i\000s\000t\000e\000n\000c\000y\000\040\000o\000f\000\040\000B\000i\000o\000l\000o\000g\000i\000c\000a\000l\000\040\000C\000i\000r\000c\000u\000i\000t\000s}{subsection.2.7}% 38
\BOOKMARK [2][-]{subsection.2.8}{\376\377\000S\000u\000m\000m\000a\000r\000y\000:\000\040\000R\000e\000s\000o\000l\000u\000t\000i\000o\000n\000\040\000o\000f\000\040\000M\000a\000x\000w\000e\000l\000l\000'\000s\000\040\000P\000a\000r\000a\000d\000o\000x\000\040\000f\000o\000r\000\040\000B\000i\000o\000l\000o\000g\000i\000c\000a\000l\000\040\000C\000o\000m\000p\000u\000t\000i\000n\000g}{section.2}% 39
\BOOKMARK [1][-]{section.3}{\376\377\000B\000i\000o\000l\000o\000g\000i\000c\000a\000l\000\040\000M\000a\000x\000w\000e\000l\000l\000'\000s\000\040\000D\000e\000m\000o\000n\000s\000\040\000a\000s\000\040\000I\000n\000f\000o\000r\000m\000a\000t\000i\000o\000n\000\040\000C\000a\000t\000a\000l\000y\000s\000t\000s\000:\000\040\000C\000o\000m\000p\000l\000e\000t\000e\000\040\000M\000a\000t\000h\000e\000m\000a\000t\000i\000c\000a\000l\000\040\000T\000h\000e\000o\000r\000y}{}% 40
\BOOKMARK [2][-]{subsection.3.1}{\376\377\000I\000n\000t\000r\000o\000d\000u\000c\000t\000i\000o\000n\000:\000\040\000F\000r\000o\000m\000\040\000D\000e\000m\000o\000n\000s\000\040\000t\000o\000\040\000I\000n\000f\000o\000r\000m\000a\000t\000i\000o\000n\000\040\000C\000a\000t\000a\000l\000y\000s\000t\000s}{section.3}% 41
\BOOKMARK [2][-]{subsection.3.2}{\376\377\000C\000a\000t\000e\000g\000o\000r\000i\000c\000a\000l\000\040\000S\000t\000a\000t\000e\000\040\000S\000p\000a\000c\000e\000:\000\040\000M\000a\000t\000h\000e\000m\000a\000t\000i\000c\000a\000l\000\040\000F\000r\000a\000m\000e\000w\000o\000r\000k}{section.3}% 42
\BOOKMARK [3][-]{subsubsection.3.2.1}{\376\377\000D\000e\000f\000i\000n\000i\000t\000i\000o\000n\000\040\000a\000n\000d\000\040\000S\000t\000r\000u\000c\000t\000u\000r\000e}{subsection.3.2}% 43
\BOOKMARK [3][-]{subsubsection.3.2.2}{\376\377\000C\000a\000r\000d\000i\000n\000a\000l\000i\000t\000y\000\040\000R\000e\000d\000u\000c\000t\000i\000o\000n\000\040\000T\000h\000r\000o\000u\000g\000h\000\040\000C\000a\000t\000e\000g\000o\000r\000i\000z\000a\000t\000i\000o\000n}{subsection.3.2}% 44
\BOOKMARK [2][-]{subsection.3.3}{\376\377\000F\000i\000l\000t\000e\000r\000i\000n\000g\000\040\000O\000p\000e\000r\000a\000t\000o\000r\000s\000\040\000a\000n\000d\000\040\000P\000r\000o\000b\000a\000b\000i\000l\000i\000t\000y\000\040\000E\000n\000h\000a\000n\000c\000e\000m\000e\000n\000t}{section.3}% 45
\BOOKMARK [3][-]{subsubsection.3.3.1}{\376\377\000T\000h\000e\000\040\000B\000M\000D\000\040\000F\000i\000l\000t\000e\000r\000i\000n\000g\000\040\000O\000p\000e\000r\000a\000t\000o\000r}{subsection.3.3}% 46
\BOOKMARK [3][-]{subsubsection.3.3.2}{\376\377\000E\000n\000z\000y\000m\000a\000t\000i\000c\000\040\000E\000x\000a\000m\000p\000l\000e\000:\000\040\000H\000e\000x\000o\000k\000i\000n\000a\000s\000e}{subsection.3.3}% 47
\BOOKMARK [2][-]{subsection.3.4}{\376\377\000S\000-\000E\000n\000t\000r\000o\000p\000y\000\040\000C\000o\000o\000r\000d\000i\000n\000a\000t\000e\000\040\000S\000y\000s\000t\000e\000m\000:\000\040\000R\000i\000g\000o\000r\000o\000u\000s\000\040\000D\000e\000v\000e\000l\000o\000p\000m\000e\000n\000t}{section.3}% 48
\BOOKMARK [3][-]{subsubsection.3.4.1}{\376\377\000M\000o\000t\000i\000v\000a\000t\000i\000o\000n\000:\000\040\000I\000n\000f\000o\000r\000m\000a\000t\000i\000o\000n\000\040\000G\000e\000o\000m\000e\000t\000r\000y\000\040\000o\000f\000\040\000C\000a\000t\000e\000g\000o\000r\000i\000c\000a\000l\000\040\000F\000i\000l\000t\000e\000r\000i\000n\000g}{subsection.3.4}% 49
\BOOKMARK [3][-]{subsubsection.3.4.2}{\376\377\000S\000-\000D\000i\000s\000t\000a\000n\000c\000e\000\040\000M\000e\000t\000r\000i\000c}{subsection.3.4}% 50
\BOOKMARK [3][-]{subsubsection.3.4.3}{\376\377\000S\000-\000E\000n\000t\000r\000o\000p\000y\000\040\000M\000i\000n\000i\000m\000i\000z\000a\000t\000i\000o\000n\000\040\000P\000r\000i\000n\000c\000i\000p\000l\000e}{subsection.3.4}% 51
\BOOKMARK [2][-]{subsection.3.5}{\376\377\000C\000a\000t\000e\000g\000o\000r\000i\000c\000a\000l\000\040\000E\000q\000u\000i\000v\000a\000l\000e\000n\000c\000e\000\040\000C\000l\000a\000s\000s\000e\000s\000:\000\040\000C\000o\000n\000c\000r\000e\000t\000e\000\040\000E\000x\000a\000m\000p\000l\000e\000s}{section.3}% 52
\BOOKMARK [3][-]{subsubsection.3.5.1}{\376\377\000E\000n\000z\000y\000m\000a\000t\000i\000c\000\040\000S\000u\000b\000s\000t\000r\000a\000t\000e\000\040\000R\000e\000c\000o\000g\000n\000i\000t\000i\000o\000n}{subsection.3.5}% 53
\BOOKMARK [3][-]{subsubsection.3.5.2}{\376\377\000I\000o\000n\000\040\000C\000h\000a\000n\000n\000e\000l\000\040\000S\000e\000l\000e\000c\000t\000i\000v\000i\000t\000y}{subsection.3.5}% 54
\BOOKMARK [2][-]{subsection.3.6}{\376\377\000I\000n\000f\000o\000r\000m\000a\000t\000i\000o\000n\000\040\000C\000o\000n\000t\000e\000n\000t\000\040\000a\000n\000d\000\040\000B\000M\000D\000\040\000C\000o\000m\000p\000u\000t\000a\000t\000i\000o\000n\000a\000l\000\040\000C\000a\000p\000a\000c\000i\000t\000y}{section.3}% 55
\BOOKMARK [3][-]{subsubsection.3.6.1}{\376\377\000B\000i\000t\000s\000\040\000p\000e\000r\000\040\000B\000M\000D\000\040\000O\000p\000e\000r\000a\000t\000i\000o\000n}{subsection.3.6}% 56
\BOOKMARK [3][-]{subsubsection.3.6.2}{\376\377\000C\000o\000m\000p\000a\000r\000i\000s\000o\000n\000\040\000w\000i\000t\000h\000\040\000S\000i\000l\000i\000c\000o\000n}{subsection.3.6}% 57
\BOOKMARK [2][-]{subsection.3.7}{\376\377\000Q\000u\000a\000n\000t\000i\000t\000a\000t\000i\000v\000e\000\040\000V\000a\000l\000i\000d\000a\000t\000i\000o\000n\000:\000\040\000E\000n\000z\000y\000m\000a\000t\000i\000c\000\040\000C\000a\000t\000a\000l\000y\000s\000i\000s}{section.3}% 58
\BOOKMARK [3][-]{subsubsection.3.7.1}{\376\377\000C\000a\000r\000b\000o\000n\000i\000c\000\040\000A\000n\000h\000y\000d\000r\000a\000s\000e\000:\000\040\000N\000e\000a\000r\000-\000D\000i\000f\000f\000u\000s\000i\000o\000n\000-\000L\000i\000m\000i\000t\000e\000d\000\040\000E\000n\000z\000y\000m\000e}{subsection.3.7}% 59
\BOOKMARK [3][-]{subsubsection.3.7.2}{\376\377\000R\000i\000b\000o\000s\000o\000m\000e\000:\000\040\000M\000u\000l\000t\000i\000-\000S\000t\000e\000p\000\040\000I\000n\000f\000o\000r\000m\000a\000t\000i\000o\000n\000\040\000P\000r\000o\000c\000e\000s\000s\000i\000n\000g}{subsection.3.7}% 60
\BOOKMARK [2][-]{subsection.3.8}{\376\377\000S\000-\000C\000o\000o\000r\000d\000i\000n\000a\000t\000e\000\040\000T\000r\000a\000n\000s\000f\000o\000r\000m\000a\000t\000i\000o\000n\000s\000\040\000a\000n\000d\000\040\000C\000i\000r\000c\000u\000i\000t\000\040\000O\000p\000e\000r\000a\000t\000i\000o\000n\000s}{section.3}% 61
\BOOKMARK [3][-]{subsubsection.3.8.1}{\376\377\000B\000M\000D\000\040\000a\000s\000\040\000S\000-\000C\000o\000o\000r\000d\000i\000n\000a\000t\000e\000\040\000O\000p\000e\000r\000a\000t\000o\000r}{subsection.3.8}% 62
\BOOKMARK [3][-]{subsubsection.3.8.2}{\376\377\000C\000a\000s\000c\000a\000d\000e\000d\000\040\000B\000M\000D\000s\000:\000\040\000I\000n\000f\000o\000r\000m\000a\000t\000i\000o\000n\000\040\000P\000r\000o\000c\000e\000s\000s\000i\000n\000g\000\040\000N\000e\000t\000w\000o\000r\000k\000s}{subsection.3.8}% 63
\BOOKMARK [2][-]{subsection.3.9}{\376\377\000S\000u\000m\000m\000a\000r\000y\000:\000\040\000B\000M\000D\000s\000\040\000a\000s\000\040\000t\000h\000e\000\040\000C\000o\000m\000p\000u\000t\000a\000t\000i\000o\000n\000a\000l\000\040\000P\000r\000i\000m\000i\000t\000i\000v\000e\000s\000\040\000o\000f\000\040\000B\000i\000o\000l\000o\000g\000y}{section.3}% 64
\BOOKMARK [1][-]{section.4}{\376\377\000F\000r\000o\000m\000\040\000B\000M\000D\000s\000\040\000t\000o\000\040\000T\000r\000a\000n\000s\000i\000s\000t\000o\000r\000s\000:\000\040\000B\000i\000o\000l\000o\000g\000i\000c\000a\000l\000\040\000S\000e\000m\000i\000c\000o\000n\000d\000u\000c\000t\000o\000r\000\040\000P\000h\000y\000s\000i\000c\000s}{}% 65
\BOOKMARK [2][-]{subsection.4.1}{\376\377\000I\000n\000t\000r\000o\000d\000u\000c\000t\000i\000o\000n\000:\000\040\000B\000r\000i\000d\000g\000i\000n\000g\000\040\000S\000e\000m\000i\000c\000o\000n\000d\000u\000c\000t\000o\000r\000\040\000P\000h\000y\000s\000i\000c\000s\000\040\000a\000n\000d\000\040\000B\000i\000o\000l\000o\000g\000y}{section.4}% 66
\BOOKMARK [2][-]{subsection.4.2}{\376\377\000S\000e\000m\000i\000c\000o\000n\000d\000u\000c\000t\000o\000r\000\040\000P\000h\000y\000s\000i\000c\000s\000\040\000R\000e\000v\000i\000e\000w\000:\000\040\000P\000-\000N\000\040\000J\000u\000n\000c\000t\000i\000o\000n\000s\000\040\000a\000n\000d\000\040\000C\000a\000r\000r\000i\000e\000r\000\040\000T\000r\000a\000n\000s\000p\000o\000r\000t}{section.4}% 67
\BOOKMARK [3][-]{subsubsection.4.2.1}{\376\377\000C\000l\000a\000s\000s\000i\000c\000a\000l\000\040\000S\000e\000m\000i\000c\000o\000n\000d\000u\000c\000t\000o\000r\000\040\000T\000h\000e\000o\000r\000y}{subsection.4.2}% 68
\BOOKMARK [3][-]{subsubsection.4.2.2}{\376\377\000P\000-\000N\000\040\000J\000u\000n\000c\000t\000i\000o\000n\000\040\000F\000o\000r\000m\000a\000t\000i\000o\000n}{subsection.4.2}% 69
\BOOKMARK [3][-]{subsubsection.4.2.3}{\376\377\000R\000e\000c\000t\000i\000f\000i\000c\000a\000t\000i\000o\000n\000\040\000a\000n\000d\000\040\000I\000-\000V\000\040\000C\000h\000a\000r\000a\000c\000t\000e\000r\000i\000s\000t\000i\000c\000s}{subsection.4.2}% 70
\BOOKMARK [2][-]{subsection.4.3}{\376\377\000B\000i\000o\000l\000o\000g\000i\000c\000a\000l\000\040\000O\000s\000c\000i\000l\000l\000a\000t\000o\000r\000y\000\040\000S\000e\000m\000i\000c\000o\000n\000d\000u\000c\000t\000o\000r\000s\000:\000\040\000T\000h\000e\000r\000a\000p\000e\000u\000t\000i\000c\000\040\000P\000-\000N\000\040\000J\000u\000n\000c\000t\000i\000o\000n\000s}{section.4}% 71
\BOOKMARK [3][-]{subsubsection.4.3.1}{\376\377\000C\000a\000r\000r\000i\000e\000r\000\040\000R\000e\000d\000e\000f\000i\000n\000i\000t\000i\000o\000n\000:\000\040\000M\000o\000l\000e\000c\000u\000l\000e\000s\000\040\000a\000n\000d\000\040\000O\000s\000c\000i\000l\000l\000a\000t\000o\000r\000y\000\040\000H\000o\000l\000e\000s}{subsection.4.3}% 72
\BOOKMARK [3][-]{subsubsection.4.3.2}{\376\377\000T\000h\000e\000r\000a\000p\000e\000u\000t\000i\000c\000\040\000P\000-\000N\000\040\000J\000u\000n\000c\000t\000i\000o\000n\000\040\000F\000o\000r\000m\000a\000t\000i\000o\000n}{subsection.4.3}% 73
\BOOKMARK [3][-]{subsubsection.4.3.3}{\376\377\000M\000e\000a\000s\000u\000r\000e\000d\000\040\000B\000i\000o\000l\000o\000g\000i\000c\000a\000l\000\040\000P\000-\000N\000\040\000J\000u\000n\000c\000t\000i\000o\000n\000\040\000P\000a\000r\000a\000m\000e\000t\000e\000r\000s}{subsection.4.3}% 74
\BOOKMARK [2][-]{subsection.4.4}{\376\377\000T\000r\000i\000-\000D\000i\000m\000e\000n\000s\000i\000o\000n\000a\000l\000\040\000C\000i\000r\000c\000u\000i\000t\000\040\000E\000l\000e\000m\000e\000n\000t\000s\000:\000\040\000R\000-\000C\000-\000L\000\040\000S\000i\000m\000u\000l\000t\000a\000n\000e\000o\000u\000s\000\040\000O\000p\000e\000r\000a\000t\000i\000o\000n}{section.4}% 75
\BOOKMARK [3][-]{subsubsection.4.4.1}{\376\377\000T\000h\000e\000\040\000P\000a\000r\000a\000d\000i\000g\000m\000\040\000S\000h\000i\000f\000t\000:\000\040\000F\000r\000o\000m\000\040\000S\000e\000q\000u\000e\000n\000t\000i\000a\000l\000\040\000t\000o\000\040\000S\000i\000m\000u\000l\000t\000a\000n\000e\000o\000u\000s}{subsection.4.4}% 76
\BOOKMARK [3][-]{subsubsection.4.4.2}{\376\377\000M\000a\000t\000h\000e\000m\000a\000t\000i\000c\000a\000l\000\040\000F\000o\000r\000m\000u\000l\000a\000t\000i\000o\000n\000:\000\040\000S\000-\000E\000n\000t\000r\000o\000p\000y\000\040\000D\000e\000t\000e\000r\000m\000i\000n\000e\000s\000\040\000C\000i\000r\000c\000u\000i\000t\000\040\000B\000e\000h\000a\000v\000i\000o\000r}{subsection.4.4}% 77
\BOOKMARK [3][-]{subsubsection.4.4.3}{\376\377\000E\000x\000p\000e\000r\000i\000m\000e\000n\000t\000a\000l\000\040\000V\000a\000l\000i\000d\000a\000t\000i\000o\000n\000:\000\040\000T\000r\000i\000-\000D\000i\000m\000e\000n\000s\000i\000o\000n\000a\000l\000\040\000P\000a\000r\000a\000m\000e\000t\000e\000r\000s}{subsection.4.4}% 78
\BOOKMARK [2][-]{subsection.4.5}{\376\377\000B\000M\000D\000\040\000T\000r\000a\000n\000s\000i\000s\000t\000o\000r\000\040\000A\000r\000c\000h\000i\000t\000e\000c\000t\000u\000r\000e\000:\000\040\000T\000h\000r\000e\000e\000-\000T\000e\000r\000m\000i\000n\000a\000l\000\040\000D\000e\000v\000i\000c\000e}{section.4}% 79
\BOOKMARK [3][-]{subsubsection.4.5.1}{\376\377\000T\000r\000a\000n\000s\000i\000s\000t\000o\000r\000\040\000A\000n\000a\000l\000o\000g\000y\000\040\000a\000n\000d\000\040\000B\000i\000o\000l\000o\000g\000i\000c\000a\000l\000\040\000I\000m\000p\000l\000e\000m\000e\000n\000t\000a\000t\000i\000o\000n}{subsection.4.5}% 80
\BOOKMARK [3][-]{subsubsection.4.5.2}{\376\377\000T\000r\000a\000n\000s\000f\000e\000r\000\040\000C\000h\000a\000r\000a\000c\000t\000e\000r\000i\000s\000t\000i\000c\000s\000:\000\040\000I\000D\000\040\000v\000s\000.\000\040\000S\000G}{subsection.4.5}% 81
\BOOKMARK [3][-]{subsubsection.4.5.3}{\376\377\000O\000u\000t\000p\000u\000t\000\040\000C\000h\000a\000r\000a\000c\000t\000e\000r\000i\000s\000t\000i\000c\000s\000:\000\040\000I\000D\000\040\000v\000s\000.\000\040\000V\000D\000S}{subsection.4.5}% 82
\BOOKMARK [2][-]{subsection.4.6}{\376\377\000P\000r\000o\000g\000r\000a\000m\000m\000a\000b\000i\000l\000i\000t\000y\000:\000\040\000C\000o\000n\000t\000r\000o\000l\000l\000i\000n\000g\000\040\000B\000M\000D\000\040\000T\000r\000a\000n\000s\000i\000s\000t\000o\000r\000s}{section.4}% 83
\BOOKMARK [3][-]{subsubsection.4.6.1}{\376\377\000C\000h\000e\000m\000i\000c\000a\000l\000\040\000C\000o\000n\000t\000r\000o\000l\000\040\000\050\000A\000l\000l\000o\000s\000t\000e\000r\000i\000c\000\040\000R\000e\000g\000u\000l\000a\000t\000i\000o\000n\000\051}{subsection.4.6}% 84
\BOOKMARK [3][-]{subsubsection.4.6.2}{\376\377\000C\000o\000n\000s\000c\000i\000o\000u\000s\000n\000e\000s\000s\000\040\000C\000o\000n\000t\000r\000o\000l\000\040\000\050\000T\000h\000e\000\040\000U\000l\000t\000i\000m\000a\000t\000e\000\040\000G\000a\000t\000e\000\051}{subsection.4.6}% 85
\BOOKMARK [2][-]{subsection.4.7}{\376\377\000S\000u\000m\000m\000a\000r\000y\000:\000\040\000B\000M\000D\000\040\000T\000r\000a\000n\000s\000i\000s\000t\000o\000r\000s\000\040\000a\000s\000\040\000P\000r\000o\000g\000r\000a\000m\000m\000a\000b\000l\000e\000\040\000B\000i\000o\000l\000o\000g\000i\000c\000a\000l\000\040\000S\000w\000i\000t\000c\000h\000e\000s}{section.4}% 86
\BOOKMARK [1][-]{section.5}{\376\377\000L\000o\000g\000i\000c\000\040\000G\000a\000t\000e\000s\000\040\000f\000r\000o\000m\000\040\000B\000M\000D\000\040\000N\000e\000t\000w\000o\000r\000k\000s\000:\000\040\000P\000a\000r\000a\000l\000l\000e\000l\000\040\000T\000r\000i\000-\000D\000i\000m\000e\000n\000s\000i\000o\000n\000a\000l\000\040\000C\000o\000m\000p\000u\000t\000a\000t\000i\000o\000n}{}% 87
\BOOKMARK [2][-]{subsection.5.1}{\376\377\000I\000n\000t\000r\000o\000d\000u\000c\000t\000i\000o\000n\000:\000\040\000F\000r\000o\000m\000\040\000T\000r\000a\000n\000s\000i\000s\000t\000o\000r\000s\000\040\000t\000o\000\040\000L\000o\000g\000i\000c}{section.5}% 88
\BOOKMARK [2][-]{subsection.5.2}{\376\377\000B\000o\000o\000l\000e\000a\000n\000\040\000A\000l\000g\000e\000b\000r\000a\000\040\000F\000o\000u\000n\000d\000a\000t\000i\000o\000n\000s}{section.5}% 89
\BOOKMARK [3][-]{subsubsection.5.2.1}{\376\377\000B\000a\000s\000i\000c\000\040\000O\000p\000e\000r\000a\000t\000i\000o\000n\000s\000\040\000a\000n\000d\000\040\000T\000r\000u\000t\000h\000\040\000T\000a\000b\000l\000e\000s}{subsection.5.2}% 90
\BOOKMARK [3][-]{subsubsection.5.2.2}{\376\377\000F\000u\000n\000c\000t\000i\000o\000n\000a\000l\000\040\000C\000o\000m\000p\000l\000e\000t\000e\000n\000e\000s\000s}{subsection.5.2}% 91
\BOOKMARK [2][-]{subsection.5.3}{\376\377\000B\000i\000o\000l\000o\000g\000i\000c\000a\000l\000\040\000I\000m\000p\000l\000e\000m\000e\000n\000t\000a\000t\000i\000o\000n\000:\000\040\000M\000o\000l\000e\000c\000u\000l\000a\000r\000\040\000C\000o\000n\000c\000e\000n\000t\000r\000a\000t\000i\000o\000n\000s\000\040\000a\000s\000\040\000B\000i\000n\000a\000r\000y\000\040\000S\000t\000a\000t\000e\000s}{section.5}% 92
\BOOKMARK [3][-]{subsubsection.5.3.1}{\376\377\000E\000n\000c\000o\000d\000i\000n\000g\000\040\000L\000o\000g\000i\000c\000\040\000L\000e\000v\000e\000l\000s}{subsection.5.3}% 93
\BOOKMARK [3][-]{subsubsection.5.3.2}{\376\377\000S\000i\000g\000n\000a\000l\000\040\000P\000r\000o\000p\000a\000g\000a\000t\000i\000o\000n\000\040\000a\000n\000d\000\040\000G\000a\000i\000n}{subsection.5.3}% 94
\BOOKMARK [2][-]{subsection.5.4}{\376\377\000T\000r\000i\000-\000D\000i\000m\000e\000n\000s\000i\000o\000n\000a\000l\000\040\000A\000N\000D\000-\000O\000R\000-\000X\000O\000R\000\040\000P\000a\000r\000a\000l\000l\000e\000l\000\040\000G\000a\000t\000e}{section.5}% 95
\BOOKMARK [3][-]{subsubsection.5.4.1}{\376\377\000A\000r\000c\000h\000i\000t\000e\000c\000t\000u\000r\000e\000:\000\040\000T\000h\000r\000e\000e\000\040\000P\000a\000r\000a\000l\000l\000e\000l\000\040\000C\000o\000m\000p\000u\000t\000a\000t\000i\000o\000n\000a\000l\000\040\000P\000a\000t\000h\000w\000a\000y\000s}{subsection.5.4}% 96
\BOOKMARK [3][-]{subsubsection.5.4.2}{\376\377\000K\000n\000o\000w\000l\000e\000d\000g\000e\000\040\000D\000i\000m\000e\000n\000s\000i\000o\000n\000:\000\040\000A\000N\000D\000\040\000G\000a\000t\000e}{subsection.5.4}% 97
\BOOKMARK [3][-]{subsubsection.5.4.3}{\376\377\000T\000i\000m\000e\000\040\000D\000i\000m\000e\000n\000s\000i\000o\000n\000:\000\040\000O\000R\000\040\000G\000a\000t\000e}{subsection.5.4}% 98
\BOOKMARK [3][-]{subsubsection.5.4.4}{\376\377\000E\000n\000t\000r\000o\000p\000y\000\040\000D\000i\000m\000e\000n\000s\000i\000o\000n\000:\000\040\000X\000O\000R\000\040\000G\000a\000t\000e}{subsection.5.4}% 99
\BOOKMARK [2][-]{subsection.5.5}{\376\377\000S\000-\000E\000n\000t\000r\000o\000p\000y\000\040\000O\000u\000t\000p\000u\000t\000\040\000S\000e\000l\000e\000c\000t\000i\000o\000n}{section.5}% 100
\BOOKMARK [3][-]{subsubsection.5.5.1}{\376\377\000G\000l\000o\000b\000a\000l\000\040\000M\000i\000n\000i\000m\000i\000z\000a\000t\000i\000o\000n\000\040\000P\000r\000i\000n\000c\000i\000p\000l\000e}{subsection.5.5}% 101
\BOOKMARK [3][-]{subsubsection.5.5.2}{\376\377\000E\000x\000a\000m\000p\000l\000e\000:\000\040\000S\000-\000C\000o\000o\000r\000d\000i\000n\000a\000t\000e\000\040\000A\000n\000a\000l\000y\000s\000i\000s\000\040\000f\000o\000r\000\040\000I\000n\000p\000u\000t\000\040\000\050\0001\000,\0000\000\051}{subsection.5.5}% 102
\BOOKMARK [2][-]{subsection.5.6}{\376\377\000E\000x\000p\000e\000r\000i\000m\000e\000n\000t\000a\000l\000\040\000V\000a\000l\000i\000d\000a\000t\000i\000o\000n\000:\000\040\000D\000u\000a\000l\000-\000P\000a\000t\000h\000w\000a\000y\000\040\000C\000r\000o\000s\000s\000-\000V\000a\000l\000i\000d\000a\000t\000i\000o\000n}{section.5}% 103
\BOOKMARK [3][-]{subsubsection.5.6.1}{\376\377\000V\000a\000l\000i\000d\000a\000t\000i\000o\000n\000\040\000S\000t\000r\000a\000t\000e\000g\000y}{subsection.5.6}% 104
\BOOKMARK [3][-]{subsubsection.5.6.2}{\376\377\000E\000x\000p\000e\000r\000i\000m\000e\000n\000t\000a\000l\000\040\000R\000e\000s\000u\000l\000t\000s}{subsection.5.6}% 105
\BOOKMARK [2][-]{subsection.5.7}{\376\377\000C\000o\000m\000p\000o\000n\000e\000n\000t\000\040\000C\000o\000u\000n\000t\000\040\000R\000e\000d\000u\000c\000t\000i\000o\000n\000:\000\040\000B\000i\000o\000l\000o\000g\000i\000c\000a\000l\000\040\000v\000s\000.\000\040\000S\000i\000l\000i\000c\000o\000n}{section.5}% 106
\BOOKMARK [3][-]{subsubsection.5.7.1}{\376\377\000T\000r\000a\000d\000i\000t\000i\000o\000n\000a\000l\000\040\000N\000A\000N\000D\000-\000B\000a\000s\000e\000d\000\040\000A\000r\000c\000h\000i\000t\000e\000c\000t\000u\000r\000e}{subsection.5.7}% 107
\BOOKMARK [3][-]{subsubsection.5.7.2}{\376\377\000B\000i\000o\000l\000o\000g\000i\000c\000a\000l\000\040\000P\000a\000r\000a\000l\000l\000e\000l\000\040\000A\000r\000c\000h\000i\000t\000e\000c\000t\000u\000r\000e}{subsection.5.7}% 108
\BOOKMARK [2][-]{subsection.5.8}{\376\377\000C\000o\000m\000p\000l\000e\000t\000e\000\040\000L\000o\000g\000i\000c\000\040\000F\000u\000n\000c\000t\000i\000o\000n\000\040\000L\000i\000b\000r\000a\000r\000y}{section.5}% 109
\BOOKMARK [3][-]{subsubsection.5.8.1}{\376\377\0001\0006\000\040\000T\000w\000o\000-\000I\000n\000p\000u\000t\000\040\000B\000o\000o\000l\000e\000a\000n\000\040\000F\000u\000n\000c\000t\000i\000o\000n\000s}{subsection.5.8}% 110
\BOOKMARK [2][-]{subsection.5.9}{\376\377\000C\000a\000s\000c\000a\000d\000e\000d\000\040\000G\000a\000t\000e\000s\000\040\000a\000n\000d\000\040\000C\000o\000m\000p\000l\000e\000x\000\040\000C\000i\000r\000c\000u\000i\000t\000s}{section.5}% 111
\BOOKMARK [3][-]{subsubsection.5.9.1}{\376\377\000H\000a\000l\000f\000\040\000A\000d\000d\000e\000r\000:\000\040\000F\000i\000r\000s\000t\000\040\000M\000u\000l\000t\000i\000-\000G\000a\000t\000e\000\040\000C\000i\000r\000c\000u\000i\000t}{subsection.5.9}% 112
\BOOKMARK [3][-]{subsubsection.5.9.2}{\376\377\000F\000u\000l\000l\000\040\000A\000d\000d\000e\000r\000:\000\040\000T\000h\000r\000e\000e\000-\000I\000n\000p\000u\000t\000\040\000A\000d\000d\000i\000t\000i\000o\000n}{subsection.5.9}% 113
\BOOKMARK [2][-]{subsection.5.10}{\376\377\000S\000u\000m\000m\000a\000r\000y\000:\000\040\000B\000i\000o\000l\000o\000g\000i\000c\000a\000l\000\040\000L\000o\000g\000i\000c\000\040\000G\000a\000t\000e\000s\000\040\000a\000s\000\040\000U\000n\000i\000v\000e\000r\000s\000a\000l\000\040\000C\000o\000m\000p\000u\000t\000a\000t\000i\000o\000n\000a\000l\000\040\000P\000r\000i\000m\000i\000t\000i\000v\000e\000s}{section.5}% 114
\BOOKMARK [1][-]{section.6}{\376\377\000M\000e\000m\000o\000r\000y\000,\000\040\000A\000r\000i\000t\000h\000m\000e\000t\000i\000c\000\040\000L\000o\000g\000i\000c\000\040\000U\000n\000i\000t\000s\000,\000\040\000a\000n\000d\000\040\000C\000o\000m\000p\000l\000e\000t\000e\000\040\000P\000r\000o\000g\000r\000a\000m\000m\000a\000b\000l\000e\000\040\000C\000i\000r\000c\000u\000i\000t\000s}{}% 115
\BOOKMARK [2][-]{subsection.6.1}{\376\377\000I\000n\000t\000r\000o\000d\000u\000c\000t\000i\000o\000n\000:\000\040\000B\000e\000y\000o\000n\000d\000\040\000L\000o\000g\000i\000c\040\024\000S\000t\000o\000r\000a\000g\000e\000\040\000a\000n\000d\000\040\000C\000o\000m\000p\000u\000t\000a\000t\000i\000o\000n}{section.6}% 116
\BOOKMARK [2][-]{subsection.6.2}{\376\377\000M\000e\000m\000o\000r\000y\000\040\000S\000y\000s\000t\000e\000m\000s\000:\000\040\000S\000-\000D\000i\000c\000t\000i\000o\000n\000a\000r\000y\000\040\000C\000o\000n\000t\000e\000n\000t\000-\000A\000d\000d\000r\000e\000s\000s\000a\000b\000l\000e\000\040\000S\000t\000o\000r\000a\000g\000e}{section.6}% 117
\BOOKMARK [3][-]{subsubsection.6.2.1}{\376\377\000T\000r\000a\000d\000i\000t\000i\000o\000n\000a\000l\000\040\000M\000e\000m\000o\000r\000y\000\040\000A\000r\000c\000h\000i\000t\000e\000c\000t\000u\000r\000e\000s}{subsection.6.2}% 118
\BOOKMARK [3][-]{subsubsection.6.2.2}{\376\377\000S\000-\000D\000i\000c\000t\000i\000o\000n\000a\000r\000y\000\040\000M\000e\000m\000o\000r\000y\000:\000\040\000C\000a\000t\000e\000g\000o\000r\000i\000c\000a\000l\000\040\000E\000q\000u\000i\000v\000a\000l\000e\000n\000c\000e\000\040\000C\000l\000a\000s\000s\000\040\000S\000t\000o\000r\000a\000g\000e}{subsection.6.2}% 119
\BOOKMARK [3][-]{subsubsection.6.2.3}{\376\377\000C\000a\000p\000a\000c\000i\000t\000y\000\040\000A\000n\000a\000l\000y\000s\000i\000s\000:\000\040\000I\000n\000f\000o\000r\000m\000a\000t\000i\000o\000n\000\040\000D\000e\000n\000s\000i\000t\000y}{subsection.6.2}% 120
\BOOKMARK [3][-]{subsubsection.6.2.4}{\376\377\000C\000o\000n\000t\000e\000n\000t\000-\000A\000d\000d\000r\000e\000s\000s\000a\000b\000l\000e\000\040\000R\000e\000t\000r\000i\000e\000v\000a\000l\000\040\000M\000e\000c\000h\000a\000n\000i\000s\000m}{subsection.6.2}% 121
\BOOKMARK [2][-]{subsection.6.3}{\376\377\000A\000r\000i\000t\000h\000m\000e\000t\000i\000c\000\040\000L\000o\000g\000i\000c\000\040\000U\000n\000i\000t\000:\000\040\000V\000i\000r\000t\000u\000a\000l\000\040\000P\000r\000o\000c\000e\000s\000s\000o\000r\000\040\000D\000e\000s\000i\000g\000n}{section.6}% 122
\BOOKMARK [3][-]{subsubsection.6.3.1}{\376\377\000T\000r\000a\000d\000i\000t\000i\000o\000n\000a\000l\000\040\000A\000L\000U\000\040\000A\000r\000c\000h\000i\000t\000e\000c\000t\000u\000r\000e}{subsection.6.3}% 123
\BOOKMARK [3][-]{subsubsection.6.3.2}{\376\377\000S\000-\000C\000o\000o\000r\000d\000i\000n\000a\000t\000e\000\040\000A\000r\000i\000t\000h\000m\000e\000t\000i\000c\000:\000\040\000O\000\050\0001\000\051\000\040\000O\000p\000e\000r\000a\000t\000i\000o\000n\000s}{subsection.6.3}% 124
\BOOKMARK [3][-]{subsubsection.6.3.3}{\376\377\000V\000i\000r\000t\000u\000a\000l\000\040\000P\000r\000o\000c\000e\000s\000s\000o\000r\000:\000\040\0004\0007\000-\000B\000M\000D\000\040\000A\000L\000U}{subsection.6.3}% 125
\BOOKMARK [2][-]{subsection.6.4}{\376\377\000G\000e\000a\000r\000\040\000R\000a\000t\000i\000o\000\040\000I\000n\000t\000e\000r\000c\000o\000n\000n\000e\000c\000t\000s\000:\000\040\000O\000s\000c\000i\000l\000l\000a\000t\000o\000r\000y\000\040\000C\000o\000u\000p\000l\000i\000n\000g\000\040\000N\000e\000t\000w\000o\000r\000k\000s}{section.6}% 126
\BOOKMARK [3][-]{subsubsection.6.4.1}{\376\377\000T\000h\000e\000\040\000I\000n\000t\000e\000r\000c\000o\000n\000n\000e\000c\000t\000\040\000P\000r\000o\000b\000l\000e\000m}{subsection.6.4}% 127
\BOOKMARK [3][-]{subsubsection.6.4.2}{\376\377\000B\000i\000o\000l\000o\000g\000i\000c\000a\000l\000\040\000S\000o\000l\000u\000t\000i\000o\000n\000:\000\040\000O\000s\000c\000i\000l\000l\000a\000t\000o\000r\000y\000\040\000G\000e\000a\000r\000\040\000N\000e\000t\000w\000o\000r\000k\000s}{subsection.6.4}% 128
\BOOKMARK [3][-]{subsubsection.6.4.3}{\376\377\000N\000e\000t\000w\000o\000r\000k\000\040\000T\000o\000p\000o\000l\000o\000g\000y\000\040\000a\000n\000d\000\040\000I\000n\000f\000o\000r\000m\000a\000t\000i\000o\000n\000\040\000C\000a\000p\000a\000c\000i\000t\000y}{subsection.6.4}% 129
\BOOKMARK [2][-]{subsection.6.5}{\376\377\000C\000o\000m\000p\000l\000e\000t\000e\000\040\000P\000r\000o\000g\000r\000a\000m\000m\000a\000b\000l\000e\000\040\000C\000i\000r\000c\000u\000i\000t\000:\000\040\0002\0004\0000\000-\000C\000o\000m\000p\000o\000n\000e\000n\000t\000\040\000I\000n\000t\000e\000g\000r\000a\000t\000i\000o\000n}{section.6}% 130
\BOOKMARK [3][-]{subsubsection.6.5.1}{\376\377\000A\000r\000c\000h\000i\000t\000e\000c\000t\000u\000r\000e\000\040\000O\000v\000e\000r\000v\000i\000e\000w}{subsection.6.5}% 131
\BOOKMARK [3][-]{subsubsection.6.5.2}{\376\377\000P\000r\000o\000g\000r\000a\000m\000m\000i\000n\000g\000\040\000M\000o\000d\000e\000l\000:\000\040\000S\000-\000W\000e\000i\000g\000h\000t\000\040\000I\000n\000s\000t\000r\000u\000c\000t\000i\000o\000n\000\040\000S\000e\000t}{subsection.6.5}% 132
\BOOKMARK [3][-]{subsubsection.6.5.3}{\376\377\000E\000x\000p\000e\000r\000i\000m\000e\000n\000t\000a\000l\000\040\000V\000a\000l\000i\000d\000a\000t\000i\000o\000n\000:\000\040\0002\0004\0000\000-\000C\000o\000m\000p\000o\000n\000e\000n\000t\000\040\000T\000e\000s\000t}{subsection.6.5}% 133
\BOOKMARK [2][-]{subsection.6.6}{\376\377\000C\000o\000m\000p\000a\000r\000i\000s\000o\000n\000\040\000w\000i\000t\000h\000\040\000V\000o\000n\000\040\000N\000e\000u\000m\000a\000n\000n\000\040\000A\000r\000c\000h\000i\000t\000e\000c\000t\000u\000r\000e}{section.6}% 134
\BOOKMARK [3][-]{subsubsection.6.6.1}{\376\377\000T\000r\000a\000d\000i\000t\000i\000o\000n\000a\000l\000\040\000C\000o\000m\000p\000u\000t\000i\000n\000g\000\040\000P\000a\000r\000a\000d\000i\000g\000m}{subsection.6.6}% 135
\BOOKMARK [3][-]{subsubsection.6.6.2}{\376\377\000B\000i\000o\000l\000o\000g\000i\000c\000a\000l\000\040\000N\000o\000n\000-\000V\000o\000n\000\040\000N\000e\000u\000m\000a\000n\000n\000\040\000A\000r\000c\000h\000i\000t\000e\000c\000t\000u\000r\000e}{subsection.6.6}% 136
\BOOKMARK [2][-]{subsection.6.7}{\376\377\000S\000u\000m\000m\000a\000r\000y\000:\000\040\000T\000o\000w\000a\000r\000d\000\040\000B\000i\000o\000l\000o\000g\000i\000c\000a\000l\000\040\000S\000u\000p\000e\000r\000c\000o\000m\000p\000u\000t\000i\000n\000g}{section.6}% 137
\BOOKMARK [1][-]{section.7}{\376\377\000C\000i\000r\000c\000u\000i\000t\000-\000P\000a\000t\000h\000w\000a\000y\000\040\000D\000u\000a\000l\000i\000t\000y\000:\000\040\000I\000n\000f\000o\000r\000m\000a\000t\000i\000o\000n\000a\000l\000\040\000E\000q\000u\000i\000v\000a\000l\000e\000n\000c\000e\000\040\000A\000c\000r\000o\000s\000s\000\040\000P\000h\000y\000s\000i\000c\000a\000l\000\040\000D\000o\000m\000a\000i\000n\000s}{}% 138
\BOOKMARK [2][-]{subsection.7.1}{\376\377\000I\000n\000t\000r\000o\000d\000u\000c\000t\000i\000o\000n\000:\000\040\000T\000h\000e\000\040\000D\000e\000e\000p\000\040\000U\000n\000i\000t\000y\000\040\000o\000f\000\040\000C\000i\000r\000c\000u\000i\000t\000s\000\040\000a\000n\000d\000\040\000P\000a\000t\000h\000w\000a\000y\000s}{section.7}% 139
\BOOKMARK [2][-]{subsection.7.2}{\376\377\000M\000a\000t\000h\000e\000m\000a\000t\000i\000c\000a\000l\000\040\000F\000r\000a\000m\000e\000w\000o\000r\000k\000:\000\040\000S\000-\000E\000n\000t\000r\000o\000p\000y\000\040\000C\000o\000o\000r\000d\000i\000n\000a\000t\000e\000\040\000M\000a\000p\000p\000i\000n\000g}{section.7}% 140
\BOOKMARK [3][-]{subsubsection.7.2.1}{\376\377\000E\000l\000e\000c\000t\000r\000i\000c\000a\000l\000\040\000C\000i\000r\000c\000u\000i\000t\000\040\000R\000e\000p\000r\000e\000s\000e\000n\000t\000a\000t\000i\000o\000n}{subsection.7.2}% 141
\BOOKMARK [3][-]{subsubsection.7.2.2}{\376\377\000M\000e\000t\000a\000b\000o\000l\000i\000c\000\040\000P\000a\000t\000h\000w\000a\000y\000\040\000R\000e\000p\000r\000e\000s\000e\000n\000t\000a\000t\000i\000o\000n}{subsection.7.2}% 142
\BOOKMARK [3][-]{subsubsection.7.2.3}{\376\377\000E\000q\000u\000i\000v\000a\000l\000e\000n\000c\000e\000\040\000C\000r\000i\000t\000e\000r\000i\000o\000n\000:\000\040\000S\000-\000D\000i\000s\000t\000a\000n\000c\000e}{subsection.7.2}% 143
\BOOKMARK [2][-]{subsection.7.3}{\376\377\000P\000r\000o\000o\000f\000\040\000o\000f\000\040\000D\000u\000a\000l\000i\000t\000y\000\040\000T\000h\000e\000o\000r\000e\000m}{section.7}% 144
\BOOKMARK [3][-]{subsubsection.7.3.1}{\376\377\000F\000o\000r\000w\000a\000r\000d\000\040\000D\000i\000r\000e\000c\000t\000i\000o\000n\000:\000\040\000C\000i\000r\000c\000u\000i\000t\000\040\000\040\000P\000a\000t\000h\000w\000a\000y}{subsection.7.3}% 145
\BOOKMARK [3][-]{subsubsection.7.3.2}{\376\377\000R\000e\000v\000e\000r\000s\000e\000\040\000D\000i\000r\000e\000c\000t\000i\000o\000n\000:\000\040\000P\000a\000t\000h\000w\000a\000y\000\040\000\040\000C\000i\000r\000c\000u\000i\000t}{subsection.7.3}% 146
\BOOKMARK [2][-]{subsection.7.4}{\376\377\000C\000r\000o\000s\000s\000-\000D\000o\000m\000a\000i\000n\000\040\000E\000x\000p\000e\000r\000i\000m\000e\000n\000t\000a\000l\000\040\000V\000a\000l\000i\000d\000a\000t\000i\000o\000n}{section.7}% 147
\BOOKMARK [3][-]{subsubsection.7.4.1}{\376\377\000S\000e\000v\000e\000n\000\040\000P\000h\000y\000s\000i\000c\000a\000l\000\040\000M\000e\000a\000s\000u\000r\000e\000m\000e\000n\000t\000\040\000D\000o\000m\000a\000i\000n\000s}{subsection.7.4}% 148
\BOOKMARK [3][-]{subsubsection.7.4.2}{\376\377\000E\000x\000p\000e\000r\000i\000m\000e\000n\000t\000a\000l\000\040\000R\000e\000s\000u\000l\000t\000s\000:\000\040\0000\000.\0008\0008\000-\0000\000.\0009\0007\000\040\000A\000g\000r\000e\000e\000m\000e\000n\000t}{subsection.7.4}% 149
\BOOKMARK [2][-]{subsection.7.5}{\376\377\000B\000i\000d\000i\000r\000e\000c\000t\000i\000o\000n\000a\000l\000\040\000C\000o\000m\000p\000i\000l\000a\000t\000i\000o\000n\000:\000\040\000C\000i\000r\000c\000u\000i\000t\000\040\000\040\000P\000a\000t\000h\000w\000a\000y\000\040\000T\000r\000a\000n\000s\000l\000a\000t\000i\000o\000n}{section.7}% 150
\BOOKMARK [3][-]{subsubsection.7.5.1}{\376\377\000E\000x\000a\000m\000p\000l\000e\000\040\0001\000:\000\040\000H\000a\000l\000f\000\040\000A\000d\000d\000e\000r\000\040\000C\000i\000r\000c\000u\000i\000t\000\040\000\040\000M\000e\000t\000a\000b\000o\000l\000i\000c\000\040\000P\000a\000t\000h\000w\000a\000y}{subsection.7.5}% 151
\BOOKMARK [3][-]{subsubsection.7.5.2}{\376\377\000E\000x\000a\000m\000p\000l\000e\000\040\0002\000:\000\040\000G\000l\000y\000c\000o\000l\000y\000s\000i\000s\000\040\000P\000a\000t\000h\000w\000a\000y\000\040\000\040\000E\000l\000e\000c\000t\000r\000i\000c\000a\000l\000\040\000C\000i\000r\000c\000u\000i\000t}{subsection.7.5}% 152
\BOOKMARK [2][-]{subsection.7.6}{\376\377\000C\000o\000s\000t\000\040\000R\000e\000d\000u\000c\000t\000i\000o\000n\000\040\000v\000i\000a\000\040\000D\000o\000m\000a\000i\000n\000\040\000T\000r\000a\000n\000s\000l\000a\000t\000i\000o\000n}{section.7}% 153
\BOOKMARK [3][-]{subsubsection.7.6.1}{\376\377\000T\000h\000e\000\040\000M\000e\000a\000s\000u\000r\000e\000m\000e\000n\000t\000\040\000C\000o\000s\000t\000\040\000P\000r\000o\000b\000l\000e\000m}{subsection.7.6}% 154
\BOOKMARK [3][-]{subsubsection.7.6.2}{\376\377\000T\000r\000a\000n\000s\000l\000a\000t\000i\000o\000n\000\040\000P\000r\000o\000t\000o\000c\000o\000l\000:\000\040\000A\000c\000o\000u\000s\000t\000i\000c\000\040\000\040\000C\000h\000e\000m\000i\000c\000a\000l}{subsection.7.6}% 155
\BOOKMARK [3][-]{subsubsection.7.6.3}{\376\377\000C\000o\000s\000t\000\040\000S\000a\000v\000i\000n\000g\000s\000:\000\040\0009\0009\000\045\000\040\000R\000e\000d\000u\000c\000t\000i\000o\000n}{subsection.7.6}% 156
\BOOKMARK [2][-]{subsection.7.7}{\376\377\000A\000p\000p\000l\000i\000c\000a\000t\000i\000o\000n\000s\000\040\000o\000f\000\040\000C\000i\000r\000c\000u\000i\000t\000-\000P\000a\000t\000h\000w\000a\000y\000\040\000D\000u\000a\000l\000i\000t\000y}{section.7}% 157
\BOOKMARK [3][-]{subsubsection.7.7.1}{\376\377\000A\000p\000p\000l\000i\000c\000a\000t\000i\000o\000n\000\040\0001\000:\000\040\000D\000r\000u\000g\000\040\000D\000i\000s\000c\000o\000v\000e\000r\000y\000\040\000v\000i\000a\000\040\000C\000i\000r\000c\000u\000i\000t\000\040\000S\000i\000m\000u\000l\000a\000t\000i\000o\000n}{subsection.7.7}% 158
\BOOKMARK [3][-]{subsubsection.7.7.2}{\376\377\000A\000p\000p\000l\000i\000c\000a\000t\000i\000o\000n\000\040\0002\000:\000\040\000S\000y\000n\000t\000h\000e\000t\000i\000c\000\040\000B\000i\000o\000l\000o\000g\000y\000\040\000C\000i\000r\000c\000u\000i\000t\000\040\000D\000e\000s\000i\000g\000n}{subsection.7.7}% 159
\BOOKMARK [3][-]{subsubsection.7.7.3}{\376\377\000A\000p\000p\000l\000i\000c\000a\000t\000i\000o\000n\000\040\0003\000:\000\040\000P\000e\000r\000s\000o\000n\000a\000l\000i\000z\000e\000d\000\040\000M\000e\000d\000i\000c\000i\000n\000e\000\040\000v\000i\000a\000\040\000D\000o\000m\000a\000i\000n\000\040\000T\000r\000a\000n\000s\000l\000a\000t\000i\000o\000n}{subsection.7.7}% 160
\BOOKMARK [2][-]{subsection.7.8}{\376\377\000S\000u\000m\000m\000a\000r\000y\000:\000\040\000T\000h\000e\000\040\000U\000n\000i\000f\000i\000c\000a\000t\000i\000o\000n\000\040\000o\000f\000\040\000P\000h\000y\000s\000i\000c\000a\000l\000\040\000a\000n\000d\000\040\000B\000i\000o\000l\000o\000g\000i\000c\000a\000l\000\040\000C\000o\000m\000p\000u\000t\000a\000t\000i\000o\000n}{section.7}% 161
\BOOKMARK [1][-]{section.8}{\376\377\000A\000p\000p\000l\000i\000c\000a\000t\000i\000o\000n\000s\000\040\000a\000n\000d\000\040\000F\000u\000t\000u\000r\000e\000\040\000D\000i\000r\000e\000c\000t\000i\000o\000n\000s}{}% 162
\BOOKMARK [2][-]{subsection.8.1}{\376\377\000I\000n\000t\000r\000o\000d\000u\000c\000t\000i\000o\000n\000:\000\040\000F\000r\000o\000m\000\040\000T\000h\000e\000o\000r\000y\000\040\000t\000o\000\040\000I\000m\000p\000a\000c\000t}{section.8}% 163
\BOOKMARK [2][-]{subsection.8.2}{\376\377\000P\000r\000o\000g\000r\000a\000m\000m\000a\000b\000l\000e\000\040\000T\000h\000e\000r\000a\000p\000e\000u\000t\000i\000c\000s\000:\000\040\000C\000o\000n\000s\000c\000i\000o\000u\000s\000n\000e\000s\000s\000-\000C\000o\000n\000t\000r\000o\000l\000l\000e\000d\000\040\000M\000e\000d\000i\000c\000i\000n\000e}{section.8}% 164
\BOOKMARK [3][-]{subsubsection.8.2.1}{\376\377\000T\000h\000e\000\040\000P\000l\000a\000c\000e\000b\000o\000\040\000E\000f\000f\000e\000c\000t\000\040\000a\000s\000\040\000C\000i\000r\000c\000u\000i\000t\000\040\000P\000r\000o\000g\000r\000a\000m\000m\000i\000n\000g}{subsection.8.2}% 165
\BOOKMARK [3][-]{subsubsection.8.2.2}{\376\377\000P\000e\000r\000s\000o\000n\000a\000l\000i\000z\000e\000d\000\040\000C\000i\000r\000c\000u\000i\000t\000\040\000P\000r\000o\000f\000i\000l\000i\000n\000g}{subsection.8.2}% 166
\BOOKMARK [2][-]{subsection.8.3}{\376\377\000S\000y\000n\000t\000h\000e\000t\000i\000c\000\040\000B\000i\000o\000l\000o\000g\000y\000:\000\040\000C\000i\000r\000c\000u\000i\000t\000-\000t\000o\000-\000D\000N\000A\000\040\000C\000o\000m\000p\000i\000l\000e\000r}{section.8}% 167
\BOOKMARK [3][-]{subsubsection.8.3.1}{\376\377\000C\000u\000r\000r\000e\000n\000t\000\040\000S\000y\000n\000t\000h\000e\000t\000i\000c\000\040\000B\000i\000o\000l\000o\000g\000y\000\040\000L\000i\000m\000i\000t\000a\000t\000i\000o\000n\000s}{subsection.8.3}% 168
\BOOKMARK [3][-]{subsubsection.8.3.2}{\376\377\000C\000i\000r\000c\000u\000i\000t\000-\000P\000a\000t\000h\000w\000a\000y\000\040\000D\000u\000a\000l\000i\000t\000y\000\040\000S\000o\000l\000u\000t\000i\000o\000n}{subsection.8.3}% 169
\BOOKMARK [2][-]{subsection.8.4}{\376\377\000N\000e\000u\000r\000a\000l\000\040\000P\000r\000o\000s\000t\000h\000e\000t\000i\000c\000s\000:\000\040\000C\000o\000n\000s\000c\000i\000o\000u\000s\000n\000e\000s\000s\000-\000C\000o\000n\000t\000r\000o\000l\000l\000e\000d\000\040\000I\000m\000p\000l\000a\000n\000t\000s}{section.8}% 170
\BOOKMARK [3][-]{subsubsection.8.4.1}{\376\377\000B\000r\000a\000i\000n\000-\000C\000o\000m\000p\000u\000t\000e\000r\000\040\000I\000n\000t\000e\000r\000f\000a\000c\000e\000s\000\040\000\050\000B\000C\000I\000s\000\051}{subsection.8.4}% 171
\BOOKMARK [3][-]{subsubsection.8.4.2}{\376\377\000C\000o\000g\000n\000i\000t\000i\000v\000e\000\040\000E\000n\000h\000a\000n\000c\000e\000m\000e\000n\000t}{subsection.8.4}% 172
\BOOKMARK [2][-]{subsection.8.5}{\376\377\000B\000i\000o\000l\000o\000g\000i\000c\000a\000l\000\040\000C\000r\000y\000p\000t\000o\000g\000r\000a\000p\000h\000y\000:\000\040\000I\000n\000f\000o\000r\000m\000a\000t\000i\000o\000n\000-\000T\000h\000e\000o\000r\000e\000t\000i\000c\000\040\000S\000e\000c\000u\000r\000i\000t\000y}{section.8}% 173
\BOOKMARK [3][-]{subsubsection.8.5.1}{\376\377\000Q\000u\000a\000n\000t\000u\000m\000\040\000C\000r\000y\000p\000t\000o\000g\000r\000a\000p\000h\000y\000\040\000i\000n\000\040\000B\000i\000o\000l\000o\000g\000y}{subsection.8.5}% 174
\BOOKMARK [2][-]{subsection.8.6}{\376\377\000L\000i\000v\000i\000n\000g\000\040\000A\000G\000I\000\040\000S\000u\000b\000s\000t\000r\000a\000t\000e\000s\000:\000\040\000B\000i\000o\000l\000o\000g\000i\000c\000a\000l\000\040\000N\000e\000u\000r\000a\000l\000\040\000N\000e\000t\000w\000o\000r\000k\000s}{section.8}% 175
\BOOKMARK [3][-]{subsubsection.8.6.1}{\376\377\000W\000h\000y\000\040\000B\000i\000o\000l\000o\000g\000i\000c\000a\000l\000\040\000A\000G\000I\000?}{subsection.8.6}% 176
\BOOKMARK [3][-]{subsubsection.8.6.2}{\376\377\000B\000i\000o\000l\000o\000g\000i\000c\000a\000l\000\040\000T\000r\000a\000n\000s\000f\000o\000r\000m\000e\000r\000\040\000A\000r\000c\000h\000i\000t\000e\000c\000t\000u\000r\000e}{subsection.8.6}% 177
\BOOKMARK [3][-]{subsubsection.8.6.3}{\376\377\000H\000y\000b\000r\000i\000d\000\040\000S\000i\000l\000i\000c\000o\000n\000-\000B\000i\000o\000l\000o\000g\000i\000c\000a\000l\000\040\000S\000y\000s\000t\000e\000m\000s}{subsection.8.6}% 178
\BOOKMARK [2][-]{subsection.8.7}{\376\377\000R\000e\000g\000u\000l\000a\000t\000o\000r\000y\000\040\000a\000n\000d\000\040\000C\000o\000m\000m\000e\000r\000c\000i\000a\000l\000\040\000T\000r\000a\000n\000s\000l\000a\000t\000i\000o\000n}{section.8}% 179
\BOOKMARK [3][-]{subsubsection.8.7.1}{\376\377\000F\000D\000A\000\040\000A\000p\000p\000r\000o\000v\000a\000l\000\040\000P\000a\000t\000h\000w\000a\000y\000s}{subsection.8.7}% 180
\BOOKMARK [3][-]{subsubsection.8.7.2}{\376\377\000I\000n\000t\000e\000l\000l\000e\000c\000t\000u\000a\000l\000\040\000P\000r\000o\000p\000e\000r\000t\000y}{subsection.8.7}% 181
\BOOKMARK [3][-]{subsubsection.8.7.3}{\376\377\000M\000a\000r\000k\000e\000t\000\040\000A\000n\000a\000l\000y\000s\000i\000s}{subsection.8.7}% 182
\BOOKMARK [2][-]{subsection.8.8}{\376\377\000O\000p\000e\000n\000\040\000R\000e\000s\000e\000a\000r\000c\000h\000\040\000Q\000u\000e\000s\000t\000i\000o\000n\000s\000\040\000a\000n\000d\000\040\000F\000u\000t\000u\000r\000e\000\040\000D\000i\000r\000e\000c\000t\000i\000o\000n\000s}{section.8}% 183
\BOOKMARK [3][-]{subsubsection.8.8.1}{\376\377\000F\000u\000n\000d\000a\000m\000e\000n\000t\000a\000l\000\040\000S\000c\000i\000e\000n\000c\000e}{subsection.8.8}% 184
\BOOKMARK [3][-]{subsubsection.8.8.2}{\376\377\000E\000n\000g\000i\000n\000e\000e\000r\000i\000n\000g\000\040\000C\000h\000a\000l\000l\000e\000n\000g\000e\000s}{subsection.8.8}% 185
\BOOKMARK [3][-]{subsubsection.8.8.3}{\376\377\000T\000r\000a\000n\000s\000l\000a\000t\000i\000o\000n\000a\000l\000\040\000M\000e\000d\000i\000c\000i\000n\000e}{subsection.8.8}% 186
\BOOKMARK [2][-]{subsection.8.9}{\376\377\000C\000o\000n\000c\000l\000u\000s\000i\000o\000n\000:\000\040\000A\000\040\000N\000e\000w\000\040\000E\000r\000a\000\040\000o\000f\000\040\000B\000i\000o\000l\000o\000g\000i\000c\000a\000l\000\040\000C\000o\000m\000p\000u\000t\000i\000n\000g}{section.8}% 187
\BOOKMARK [1][-]{section.9}{\376\377\000C\000o\000m\000p\000l\000e\000t\000e\000\040\000E\000x\000p\000e\000r\000i\000m\000e\000n\000t\000a\000l\000\040\000V\000a\000l\000i\000d\000a\000t\000i\000o\000n\000\040\000o\000f\000\040\000B\000i\000o\000l\000o\000g\000i\000c\000a\000l\000\040\000I\000n\000t\000e\000g\000r\000a\000t\000e\000d\000\040\000C\000i\000r\000c\000u\000i\000t\000s}{}% 188
\BOOKMARK [2][-]{subsection.9.1}{\376\377\000O\000v\000e\000r\000v\000i\000e\000w\000:\000\040\0009\0002\000.\0009\000\045\000\040\000F\000r\000a\000m\000e\000w\000o\000r\000k\000\040\000R\000e\000l\000i\000a\000b\000i\000l\000i\000t\000y\000\040\000A\000c\000r\000o\000s\000s\000\040\000A\000l\000l\000\040\000C\000o\000m\000p\000o\000n\000e\000n\000t\000s}{section.9}% 189
\BOOKMARK [2][-]{subsection.9.2}{\376\377\000C\000o\000m\000p\000a\000r\000a\000t\000i\000v\000e\000\040\000A\000n\000a\000l\000y\000s\000i\000s\000:\000\040\000R\000u\000n\000-\000t\000o\000-\000R\000u\000n\000\040\000C\000o\000n\000s\000i\000s\000t\000e\000n\000c\000y}{section.9}% 190
\BOOKMARK [2][-]{subsection.9.3}{\376\377\000D\000e\000t\000a\000i\000l\000e\000d\000\040\000C\000o\000m\000p\000o\000n\000e\000n\000t\000-\000L\000e\000v\000e\000l\000\040\000M\000e\000t\000r\000i\000c\000s}{section.9}% 191
\BOOKMARK [2][-]{subsection.9.4}{\376\377\000S\000i\000n\000g\000l\000e\000-\000R\000u\000n\000\040\000D\000e\000e\000p\000\040\000D\000i\000v\000e\000:\000\040\000R\000u\000n\000\040\0001\000\040\000T\000e\000m\000p\000o\000r\000a\000l\000\040\000C\000h\000a\000r\000a\000c\000t\000e\000r\000i\000s\000t\000i\000c\000s}{section.9}% 192
\BOOKMARK [2][-]{subsection.9.5}{\376\377\000S\000t\000a\000t\000i\000s\000t\000i\000c\000a\000l\000\040\000R\000i\000g\000o\000r\000:\000\040\000R\000e\000p\000r\000o\000d\000u\000c\000i\000b\000i\000l\000i\000t\000y\000\040\000a\000n\000d\000\040\000P\000r\000o\000c\000e\000s\000s\000\040\000C\000o\000n\000t\000r\000o\000l}{section.9}% 193
\BOOKMARK [2][-]{subsection.9.6}{\376\377\000T\000e\000m\000p\000o\000r\000a\000l\000\040\000P\000e\000r\000f\000o\000r\000m\000a\000n\000c\000e\000\040\000A\000n\000a\000l\000y\000s\000i\000s\000:\000\040\000E\000x\000e\000c\000u\000t\000i\000o\000n\000\040\000S\000e\000q\000u\000e\000n\000c\000i\000n\000g\000\040\000a\000n\000d\000\040\000V\000e\000l\000o\000c\000i\000t\000y}{section.9}% 194
\BOOKMARK [2][-]{subsection.9.7}{\376\377\000V\000a\000l\000i\000d\000a\000t\000i\000o\000n\000\040\000S\000u\000m\000m\000a\000r\000y\000:\000\040\000F\000r\000a\000m\000e\000w\000o\000r\000k\000\040\000R\000e\000a\000d\000i\000n\000e\000s\000s\000\040\000A\000s\000s\000e\000s\000s\000m\000e\000n\000t}{section.9}% 195
\BOOKMARK [1][-]{section.10}{\376\377\000T\000o\000\040\000B\000e\000\040\000C\000o\000m\000p\000l\000e\000t\000e\000d\000:\000\040\000R\000e\000m\000a\000i\000n\000i\000n\000g\000\040\000S\000e\000c\000t\000i\000o\000n\000s}{}% 196
\BOOKMARK [1][-]{section*.36}{\376\377\000R\000e\000f\000e\000r\000e\000n\000c\000e\000s}{}% 197
