\BOOKMARK [1][-]{section.1}{\376\377\000I\000n\000t\000r\000o\000d\000u\000c\000t\000i\000o\000n}{}% 1
\BOOKMARK [2][-]{subsection.1.1}{\376\377\000T\000h\000e\000\040\000D\000u\000a\000l\000\040\000D\000e\000s\000c\000r\000i\000p\000t\000i\000o\000n\000\040\000P\000r\000o\000b\000l\000e\000m}{section.1}% 2
\BOOKMARK [2][-]{subsection.1.2}{\376\377\000T\000h\000e\000\040\000T\000w\000o\000\040\000F\000r\000a\000m\000e\000w\000o\000r\000k\000s}{section.1}% 3
\BOOKMARK [3][-]{subsubsection.1.2.1}{\376\377\000T\000h\000e\000\040\000O\000s\000c\000i\000l\000l\000a\000t\000o\000r\000y\000\040\000F\000r\000a\000m\000e\000w\000o\000r\000k}{subsection.1.2}% 4
\BOOKMARK [3][-]{subsubsection.1.2.2}{\376\377\000T\000h\000e\000\040\000C\000a\000t\000e\000g\000o\000r\000i\000c\000a\000l\000\040\000F\000r\000a\000m\000e\000w\000o\000r\000k}{subsection.1.2}% 5
\BOOKMARK [2][-]{subsection.1.3}{\376\377\000T\000h\000e\000\040\000C\000e\000n\000t\000r\000a\000l\000\040\000Q\000u\000e\000s\000t\000i\000o\000n}{section.1}% 6
\BOOKMARK [1][-]{section.2}{\376\377\000M\000a\000t\000h\000e\000m\000a\000t\000i\000c\000a\000l\000\040\000F\000r\000a\000m\000e\000w\000o\000r\000k}{}% 7
\BOOKMARK [2][-]{subsection.2.1}{\376\377\000E\000n\000t\000r\000o\000p\000y\000\040\000a\000s\000\040\000t\000h\000e\000\040\000B\000r\000i\000d\000g\000e}{section.2}% 8
\BOOKMARK [3][-]{subsubsection.2.1.1}{\376\377\000O\000s\000c\000i\000l\000l\000a\000t\000o\000r\000y\000\040\000R\000e\000f\000o\000r\000m\000u\000l\000a\000t\000i\000o\000n}{subsection.2.1}% 9
\BOOKMARK [3][-]{subsubsection.2.1.2}{\376\377\000C\000a\000t\000e\000g\000o\000r\000i\000c\000a\000l\000\040\000R\000e\000f\000o\000r\000m\000u\000l\000a\000t\000i\000o\000n}{subsection.2.1}% 10
\BOOKMARK [3][-]{subsubsection.2.1.3}{\376\377\000T\000h\000e\000\040\000E\000q\000u\000i\000v\000a\000l\000e\000n\000c\000e}{subsection.2.1}% 11
\BOOKMARK [2][-]{subsection.2.2}{\376\377\000P\000h\000y\000s\000i\000c\000a\000l\000\040\000I\000n\000t\000e\000r\000p\000r\000e\000t\000a\000t\000i\000o\000n}{section.2}% 12
\BOOKMARK [2][-]{subsection.2.3}{\376\377\000E\000x\000t\000e\000n\000s\000i\000o\000n\000\040\000t\000o\000\040\000H\000i\000e\000r\000a\000r\000c\000h\000i\000c\000a\000l\000\040\000S\000y\000s\000t\000e\000m\000s}{section.2}% 13
\BOOKMARK [1][-]{section.3}{\376\377\000A\000p\000p\000l\000i\000c\000a\000t\000i\000o\000n\000\040\000t\000o\000\040\000B\000i\000o\000l\000o\000g\000i\000c\000a\000l\000\040\000S\000y\000s\000t\000e\000m\000s}{}% 14
\BOOKMARK [2][-]{subsection.3.1}{\376\377\000T\000h\000e\000\040\000T\000h\000r\000e\000e\000-\000L\000e\000v\000e\000l\000\040\000A\000r\000c\000h\000i\000t\000e\000c\000t\000u\000r\000e}{section.3}% 15
\BOOKMARK [2][-]{subsection.3.2}{\376\377\000R\000e\000a\000l\000i\000t\000y\000\040\000a\000s\000\040\000O\000s\000c\000i\000l\000l\000a\000t\000o\000r\000y\000\040\000S\000u\000b\000s\000t\000r\000a\000t\000e}{section.3}% 16
\BOOKMARK [3][-]{subsubsection.3.2.1}{\376\377\000H\000+\000\040\000I\000o\000n\000\040\000D\000y\000n\000a\000m\000i\000c\000s}{subsection.3.2}% 17
\BOOKMARK [3][-]{subsubsection.3.2.2}{\376\377\000C\000l\000a\000s\000s\000i\000c\000a\000l\000\040\000N\000a\000t\000u\000r\000e}{subsection.3.2}% 18
\BOOKMARK [3][-]{subsubsection.3.2.3}{\376\377\000R\000e\000a\000l\000i\000t\000y\000\040\000a\000s\000\040\000U\000n\000p\000e\000r\000c\000e\000i\000v\000a\000b\000l\000e\000\040\000S\000u\000b\000s\000t\000r\000a\000t\000e}{subsection.3.2}% 19
\BOOKMARK [2][-]{subsection.3.3}{\376\377\000O\0002\000\040\000a\000s\000\040\000C\000a\000t\000e\000g\000o\000r\000i\000c\000a\000l\000\040\000C\000l\000o\000c\000k}{section.3}% 20
\BOOKMARK [3][-]{subsubsection.3.3.1}{\376\377\000V\000i\000b\000r\000a\000t\000i\000o\000n\000a\000l\000\040\000S\000t\000a\000t\000e\000s}{subsection.3.3}% 21
\BOOKMARK [3][-]{subsubsection.3.3.2}{\376\377\000T\000h\000e\000\040\000M\000e\000a\000s\000u\000r\000e\000m\000e\000n\000t\000\040\000P\000r\000o\000c\000e\000s\000s}{subsection.3.3}% 22
\BOOKMARK [3][-]{subsubsection.3.3.3}{\376\377\000C\000a\000t\000e\000g\000o\000r\000i\000c\000a\000l\000\040\000C\000o\000m\000p\000l\000e\000t\000i\000o\000n}{subsection.3.3}% 23
\BOOKMARK [2][-]{subsection.3.4}{\376\377\000C\000o\000n\000s\000c\000i\000o\000u\000s\000n\000e\000s\000s\000\040\000a\000s\000\040\000S\000e\000q\000u\000e\000n\000t\000i\000a\000l\000\040\000C\000a\000t\000e\000g\000o\000r\000i\000c\000a\000l\000\040\000C\000o\000m\000p\000l\000e\000t\000i\000o\000n}{section.3}% 24
\BOOKMARK [3][-]{subsubsection.3.4.1}{\376\377\000O\000s\000c\000i\000l\000l\000a\000t\000o\000r\000y\000\040\000H\000o\000l\000e\000s\000:\000\040\000T\000h\000e\000\040\000S\000t\000a\000b\000i\000l\000i\000z\000a\000t\000i\000o\000n\000\040\000M\000e\000c\000h\000a\000n\000i\000s\000m}{subsection.3.4}% 25
\BOOKMARK [2][-]{subsection.3.5}{\376\377\000P\000h\000y\000s\000i\000c\000a\000l\000\040\000F\000o\000u\000n\000d\000a\000t\000i\000o\000n\000:\000\040\000E\000l\000e\000c\000t\000r\000o\000n\000\040\000H\000o\000l\000e\000s\000\040\000i\000n\000\040\000B\000i\000o\000l\000o\000g\000i\000c\000a\000l\000\040\000S\000y\000s\000t\000e\000m\000s}{section.3}% 26
\BOOKMARK [3][-]{subsubsection.3.5.1}{\376\377\000E\000l\000e\000c\000t\000r\000o\000n\000\040\000H\000o\000l\000e\000s\000\040\000i\000n\000\040\000P\000l\000a\000s\000m\000a\000\040\000P\000h\000y\000s\000i\000c\000s}{subsection.3.5}% 27
\BOOKMARK [3][-]{subsubsection.3.5.2}{\376\377\000E\000l\000e\000c\000t\000r\000o\000n\000-\000H\000o\000l\000e\000\040\000T\000r\000a\000n\000s\000p\000o\000r\000t\000\040\000i\000n\000\040\000C\000o\000n\000d\000e\000n\000s\000e\000d\000\040\000M\000a\000t\000t\000e\000r}{subsection.3.5}% 28
\BOOKMARK [3][-]{subsubsection.3.5.3}{\376\377\000P\000r\000o\000t\000o\000n\000-\000C\000o\000u\000p\000l\000e\000d\000\040\000E\000l\000e\000c\000t\000r\000o\000n\000\040\000T\000r\000a\000n\000s\000f\000e\000r\000\040\000\050\000P\000C\000E\000T\000\051}{subsection.3.5}% 29
\BOOKMARK [3][-]{subsubsection.3.5.4}{\376\377\000T\000h\000e\000\040\000C\000o\000m\000p\000l\000e\000t\000e\000\040\000P\000h\000y\000s\000i\000c\000a\000l\000\040\000P\000i\000c\000t\000u\000r\000e}{subsection.3.5}% 30
\BOOKMARK [2][-]{subsection.3.6}{\376\377\000P\000h\000a\000s\000e\000-\000L\000o\000c\000k\000i\000n\000g\000:\000\040\000H\000+\000\040\000O\000s\000c\000i\000l\000l\000a\000t\000i\000o\000n\000s\000\040\000a\000n\000d\000\040\000C\000a\000t\000e\000g\000o\000r\000i\000c\000a\000l\000\040\000C\000o\000m\000p\000l\000e\000t\000i\000o\000n}{section.3}% 31
\BOOKMARK [3][-]{subsubsection.3.6.1}{\376\377\000P\000h\000a\000s\000e\000-\000L\000o\000c\000k\000i\000n\000g\000\040\000M\000e\000c\000h\000a\000n\000i\000s\000m}{subsection.3.6}% 32
\BOOKMARK [3][-]{subsubsection.3.6.2}{\376\377\000T\000h\000e\000\040\000F\000u\000n\000d\000a\000m\000e\000n\000t\000a\000l\000\040\000B\000i\000o\000l\000o\000g\000i\000c\000a\000l\000\040\000C\000l\000o\000c\000k}{subsection.3.6}% 33
\BOOKMARK [3][-]{subsubsection.3.6.3}{\376\377\000T\000h\000o\000u\000g\000h\000t\000\040\000a\000s\000\040\000S\000t\000a\000b\000i\000l\000i\000z\000e\000d\000\040\000H\000o\000l\000e}{subsection.3.6}% 34
\BOOKMARK [3][-]{subsubsection.3.6.4}{\376\377\000C\000o\000n\000s\000c\000i\000o\000u\000s\000n\000e\000s\000s\000\040\000a\000s\000\040\000T\000e\000m\000p\000o\000r\000a\000l\000\040\000S\000e\000q\000u\000e\000n\000c\000e}{subsection.3.6}% 35
\BOOKMARK [3][-]{subsubsection.3.6.5}{\376\377\000E\000m\000o\000t\000i\000o\000n\000s\000\040\000a\000s\000\040\000F\000i\000e\000l\000d\000\040\000S\000t\000a\000t\000e\000\040\000R\000e\000p\000r\000e\000s\000e\000n\000t\000a\000t\000i\000o\000n}{subsection.3.6}% 36
\BOOKMARK [1][-]{section.4}{\376\377\000A\000g\000e\000n\000c\000y\000\040\000a\000n\000d\000\040\000F\000r\000e\000e\000\040\000W\000i\000l\000l\000\040\000Q\000u\000a\000n\000t\000i\000f\000i\000c\000a\000t\000i\000o\000n}{}% 37
\BOOKMARK [2][-]{subsection.4.1}{\376\377\000A\000g\000e\000n\000c\000y\000\040\000a\000s\000\040\000D\000i\000r\000e\000c\000t\000i\000o\000n\000a\000l\000\040\000V\000a\000r\000i\000a\000n\000c\000e\000\040\000M\000i\000n\000i\000m\000i\000z\000a\000t\000i\000o\000n}{section.4}% 38
\BOOKMARK [2][-]{subsection.4.2}{\376\377\000C\000o\000u\000n\000t\000e\000r\000f\000a\000c\000t\000u\000a\000l\000\040\000B\000i\000a\000s\000\040\000a\000s\000\040\000A\000g\000e\000n\000c\000y\000\040\000Q\000u\000a\000n\000t\000i\000f\000i\000c\000a\000t\000i\000o\000n}{section.4}% 39
\BOOKMARK [2][-]{subsection.4.3}{\376\377\000E\000x\000p\000e\000r\000i\000m\000e\000n\000t\000a\000l\000\040\000M\000e\000a\000s\000u\000r\000e\000m\000e\000n\000t\000\040\000o\000f\000\040\000A\000g\000e\000n\000c\000y}{section.4}% 40
\BOOKMARK [3][-]{subsubsection.4.3.1}{\376\377\000C\000o\000u\000n\000t\000e\000r\000f\000a\000c\000t\000u\000a\000l\000\040\000S\000e\000l\000e\000c\000t\000i\000o\000n\000\040\000B\000i\000a\000s\000\040\000E\000x\000p\000e\000r\000i\000m\000e\000n\000t}{subsection.4.3}% 41
\BOOKMARK [3][-]{subsubsection.4.3.2}{\376\377\000R\000e\000a\000l\000i\000t\000y\000\040\000F\000r\000a\000m\000e\000\040\000F\000u\000s\000i\000o\000n\000\040\000F\000a\000i\000l\000u\000r\000e}{subsection.4.3}% 42
\BOOKMARK [3][-]{subsubsection.4.3.3}{\376\377\000T\000e\000m\000p\000o\000r\000a\000l\000\040\000C\000o\000n\000s\000i\000s\000t\000e\000n\000c\000y\000\040\000V\000i\000o\000l\000a\000t\000i\000o\000n\000s}{subsection.4.3}% 43
\BOOKMARK [2][-]{subsection.4.4}{\376\377\000F\000r\000e\000e\000\040\000W\000i\000l\000l\000\040\000a\000s\000\040\000F\000u\000n\000c\000t\000i\000o\000n\000a\000l\000\040\000D\000e\000l\000u\000s\000i\000o\000n}{section.4}% 44
\BOOKMARK [2][-]{subsection.4.5}{\376\377\000T\000h\000e\000\040\000C\000o\000m\000p\000a\000t\000i\000b\000i\000l\000i\000t\000y\000\040\000o\000f\000\040\000D\000e\000t\000e\000r\000m\000i\000n\000i\000s\000m\000\040\000a\000n\000d\000\040\000A\000g\000e\000n\000c\000y}{section.4}% 45
\BOOKMARK [1][-]{section.5}{\376\377\000E\000x\000p\000e\000r\000i\000m\000e\000n\000t\000a\000l\000\040\000V\000a\000l\000i\000d\000a\000t\000i\000o\000n}{}% 46
\BOOKMARK [2][-]{subsection.5.1}{\376\377\000Q\000u\000a\000n\000t\000u\000m\000\040\000I\000o\000n\000\040\000C\000o\000n\000s\000c\000i\000o\000u\000s\000n\000e\000s\000s\000\040\000E\000x\000p\000e\000r\000i\000m\000e\000n\000t\000s}{section.5}% 47
\BOOKMARK [3][-]{subsubsection.5.1.1}{\376\377\000E\000x\000p\000e\000r\000i\000m\000e\000n\000t\000\040\0001\000:\000\040\000I\000o\000n\000\040\000T\000u\000n\000n\000e\000l\000i\000n\000g\000\040\000D\000y\000n\000a\000m\000i\000c\000s}{subsection.5.1}% 48
\BOOKMARK [3][-]{subsubsection.5.1.2}{\376\377\000E\000x\000p\000e\000r\000i\000m\000e\000n\000t\000\040\0002\000:\000\040\000C\000o\000l\000l\000e\000c\000t\000i\000v\000e\000\040\000C\000o\000h\000e\000r\000e\000n\000c\000e\000\040\000F\000i\000e\000l\000d\000s}{subsection.5.1}% 49
\BOOKMARK [3][-]{subsubsection.5.1.3}{\376\377\000E\000x\000p\000e\000r\000i\000m\000e\000n\000t\000\040\0003\000:\000\040\000T\000i\000m\000e\000s\000c\000a\000l\000e\000\040\000C\000o\000u\000p\000l\000i\000n\000g\000\040\000V\000a\000l\000i\000d\000a\000t\000i\000o\000n}{subsection.5.1}% 50
\BOOKMARK [3][-]{subsubsection.5.1.4}{\376\377\000E\000x\000p\000e\000r\000i\000m\000e\000n\000t\000\040\0004\000:\000\040\000D\000e\000c\000o\000h\000e\000r\000e\000n\000c\000e\000\040\000R\000e\000s\000i\000s\000t\000a\000n\000c\000e}{subsection.5.1}% 51
\BOOKMARK [3][-]{subsubsection.5.1.5}{\376\377\000E\000x\000p\000e\000r\000i\000m\000e\000n\000t\000\040\0005\000:\000\040\000C\000o\000n\000s\000c\000i\000o\000u\000s\000n\000e\000s\000s\000\040\000S\000t\000a\000t\000e\000\040\000T\000r\000a\000n\000s\000i\000t\000i\000o\000n\000s}{subsection.5.1}% 52
\BOOKMARK [2][-]{subsection.5.2}{\376\377\000S\000u\000m\000m\000a\000r\000y\000\040\000o\000f\000\040\000E\000x\000p\000e\000r\000i\000m\000e\000n\000t\000a\000l\000\040\000V\000a\000l\000i\000d\000a\000t\000i\000o\000n}{section.5}% 53
\BOOKMARK [1][-]{section.6}{\376\377\000C\000o\000m\000p\000l\000e\000t\000e\000\040\000F\000r\000a\000m\000e\000w\000o\000r\000k\000\040\000S\000u\000m\000m\000a\000r\000y}{}% 54
\BOOKMARK [2][-]{subsection.6.1}{\376\377\000T\000h\000e\000\040\000O\000s\000c\000i\000l\000l\000a\000t\000o\000r\000y\000-\000C\000a\000t\000e\000g\000o\000r\000i\000c\000a\000l\000\040\000E\000q\000u\000i\000v\000a\000l\000e\000n\000c\000e}{section.6}% 55
\BOOKMARK [2][-]{subsection.6.2}{\376\377\000T\000h\000e\000\040\000T\000h\000r\000e\000e\000-\000L\000e\000v\000e\000l\000\040\000C\000o\000n\000s\000c\000i\000o\000u\000s\000n\000e\000s\000s\000\040\000A\000r\000c\000h\000i\000t\000e\000c\000t\000u\000r\000e}{section.6}% 56
\BOOKMARK [2][-]{subsection.6.3}{\376\377\000T\000h\000e\000\040\000P\000h\000y\000s\000i\000c\000a\000l\000\040\000M\000e\000c\000h\000a\000n\000i\000s\000m\000:\000\040\000H\000+\000-\000P\000C\000E\000T\000-\000O\0002\000\040\000C\000o\000u\000p\000l\000i\000n\000g}{section.6}% 57
\BOOKMARK [2][-]{subsection.6.4}{\376\377\000E\000x\000p\000e\000r\000i\000m\000e\000n\000t\000a\000l\000\040\000V\000a\000l\000i\000d\000a\000t\000i\000o\000n}{section.6}% 58
\BOOKMARK [2][-]{subsection.6.5}{\376\377\000P\000o\000t\000e\000n\000t\000i\000a\000l\000\040\000R\000e\000s\000o\000l\000u\000t\000i\000o\000n\000\040\000o\000f\000\040\000P\000h\000i\000l\000o\000s\000o\000p\000h\000i\000c\000a\000l\000\040\000P\000r\000o\000b\000l\000e\000m\000s}{section.6}% 59
\BOOKMARK [3][-]{subsubsection.6.5.1}{\376\377\000T\000h\000e\000\040\000H\000a\000r\000d\000\040\000P\000r\000o\000b\000l\000e\000m\000\040\000o\000f\000\040\000C\000o\000n\000s\000c\000i\000o\000u\000s\000n\000e\000s\000s}{subsection.6.5}% 60
\BOOKMARK [3][-]{subsubsection.6.5.2}{\376\377\000T\000h\000e\000\040\000M\000i\000n\000d\000-\000B\000o\000d\000y\000\040\000P\000r\000o\000b\000l\000e\000m}{subsection.6.5}% 61
\BOOKMARK [3][-]{subsubsection.6.5.3}{\376\377\000T\000h\000e\000\040\000F\000r\000e\000e\000\040\000W\000i\000l\000l\000\040\000P\000r\000o\000b\000l\000e\000m}{subsection.6.5}% 62
\BOOKMARK [2][-]{subsection.6.6}{\376\377\000T\000h\000e\000o\000r\000e\000t\000i\000c\000a\000l\000\040\000C\000o\000m\000p\000l\000e\000t\000e\000n\000e\000s\000s}{section.6}% 63
\BOOKMARK [2][-]{subsection.6.7}{\376\377\000W\000h\000a\000t\000\040\000T\000h\000i\000s\000\040\000F\000r\000a\000m\000e\000w\000o\000r\000k\000\040\000E\000x\000p\000l\000a\000i\000n\000s}{section.6}% 64
\BOOKMARK [2][-]{subsection.6.8}{\376\377\000I\000m\000p\000l\000i\000c\000a\000t\000i\000o\000n\000s\000\040\000f\000o\000r\000\040\000N\000e\000u\000r\000o\000s\000c\000i\000e\000n\000c\000e}{section.6}% 65
\BOOKMARK [2][-]{subsection.6.9}{\376\377\000I\000m\000p\000l\000i\000c\000a\000t\000i\000o\000n\000s\000\040\000f\000o\000r\000\040\000A\000r\000t\000i\000f\000i\000c\000i\000a\000l\000\040\000I\000n\000t\000e\000l\000l\000i\000g\000e\000n\000c\000e}{section.6}% 66
\BOOKMARK [1][-]{section.7}{\376\377\000C\000o\000n\000c\000l\000u\000s\000i\000o\000n}{}% 67
